<?xml version="1.0" encoding="UTF-8"?>
<coverage generated="1738280482370" clover="3.2.0">
  <project timestamp="1738280482370" name="All files">
    <metrics statements="397" coveredstatements="397" conditionals="57" coveredconditionals="57" methods="16" coveredmethods="16" elements="470" coveredelements="470" complexity="0" loc="397" ncloc="397" packages="3" files="5" classes="5"/>
    <package name="src">
      <metrics statements="31" coveredstatements="31" conditionals="1" coveredconditionals="1" methods="1" coveredmethods="1"/>
      <file name="App.jsx" path="C:\Users\k3sar\OneDrive\Desktop\CSE186\Assignment4\src\App.jsx">
        <metrics statements="31" coveredstatements="31" conditionals="1" coveredconditionals="1" methods="1" coveredmethods="1"/>
        <line num="1" count="1" type="stmt"/>
        <line num="2" count="1" type="stmt"/>
        <line num="3" count="1" type="stmt"/>
        <line num="4" count="1" type="stmt"/>
        <line num="5" count="1" type="stmt"/>
        <line num="11" count="16" type="cond" truecount="1" falsecount="0"/>
        <line num="12" count="16" type="stmt"/>
        <line num="13" count="16" type="stmt"/>
        <line num="14" count="16" type="stmt"/>
        <line num="15" count="16" type="stmt"/>
        <line num="16" count="16" type="stmt"/>
        <line num="17" count="16" type="stmt"/>
        <line num="18" count="16" type="stmt"/>
        <line num="19" count="16" type="stmt"/>
        <line num="20" count="16" type="stmt"/>
        <line num="21" count="16" type="stmt"/>
        <line num="22" count="16" type="stmt"/>
        <line num="23" count="16" type="stmt"/>
        <line num="24" count="16" type="stmt"/>
        <line num="25" count="16" type="stmt"/>
        <line num="26" count="16" type="stmt"/>
        <line num="27" count="16" type="stmt"/>
        <line num="28" count="16" type="stmt"/>
        <line num="29" count="16" type="stmt"/>
        <line num="30" count="16" type="stmt"/>
        <line num="31" count="16" type="stmt"/>
        <line num="32" count="16" type="stmt"/>
        <line num="33" count="16" type="stmt"/>
        <line num="34" count="16" type="stmt"/>
        <line num="35" count="16" type="stmt"/>
        <line num="37" count="16" type="stmt"/>
      </file>
    </package>
    <package name="src.components">
      <metrics statements="311" coveredstatements="311" conditionals="46" coveredconditionals="46" methods="9" coveredmethods="9"/>
      <file name="AppBar.jsx" path="C:\Users\k3sar\OneDrive\Desktop\CSE186\Assignment4\src\components\AppBar.jsx">
        <metrics statements="36" coveredstatements="36" conditionals="4" coveredconditionals="4" methods="1" coveredmethods="1"/>
        <line num="1" count="1" type="stmt"/>
        <line num="2" count="1" type="stmt"/>
        <line num="3" count="1" type="stmt"/>
        <line num="4" count="1" type="stmt"/>
        <line num="5" count="1" type="stmt"/>
        <line num="6" count="1" type="stmt"/>
        <line num="7" count="1" type="stmt"/>
        <line num="13" count="47" type="cond" truecount="1" falsecount="0"/>
        <line num="14" count="47" type="stmt"/>
        <line num="15" count="47" type="stmt"/>
        <line num="16" count="47" type="stmt"/>
        <line num="17" count="47" type="stmt"/>
        <line num="18" count="47" type="stmt"/>
        <line num="19" count="47" type="stmt"/>
        <line num="21" count="47" type="stmt"/>
        <line num="22" count="47" type="stmt"/>
        <line num="23" count="47" type="stmt"/>
        <line num="24" count="47" type="stmt"/>
        <line num="25" count="47" type="cond" truecount="1" falsecount="0"/>
        <line num="26" count="17" type="stmt"/>
        <line num="27" count="17" type="stmt"/>
        <line num="28" count="17" type="stmt"/>
        <line num="29" count="17" type="stmt"/>
        <line num="30" count="17" type="cond" truecount="2" falsecount="0"/>
        <line num="31" count="17" type="stmt"/>
        <line num="32" count="17" type="stmt"/>
        <line num="34" count="17" type="stmt"/>
        <line num="35" count="17" type="stmt"/>
        <line num="37" count="47" type="stmt"/>
        <line num="38" count="47" type="stmt"/>
        <line num="39" count="47" type="stmt"/>
        <line num="40" count="47" type="stmt"/>
        <line num="41" count="47" type="stmt"/>
        <line num="42" count="47" type="stmt"/>
        <line num="43" count="47" type="stmt"/>
        <line num="45" count="47" type="stmt"/>
      </file>
      <file name="Content.jsx" path="C:\Users\k3sar\OneDrive\Desktop\CSE186\Assignment4\src\components\Content.jsx">
        <metrics statements="190" coveredstatements="190" conditionals="35" coveredconditionals="35" methods="5" coveredmethods="5"/>
        <line num="1" count="1" type="stmt"/>
        <line num="2" count="1" type="stmt"/>
        <line num="3" count="1" type="stmt"/>
        <line num="4" count="1" type="stmt"/>
        <line num="5" count="1" type="stmt"/>
        <line num="6" count="1" type="stmt"/>
        <line num="7" count="1" type="stmt"/>
        <line num="8" count="1" type="stmt"/>
        <line num="9" count="1" type="stmt"/>
        <line num="10" count="1" type="stmt"/>
        <line num="11" count="1" type="stmt"/>
        <line num="12" count="1" type="stmt"/>
        <line num="13" count="1" type="stmt"/>
        <line num="14" count="1" type="stmt"/>
        <line num="21" count="4625" type="cond" truecount="1" falsecount="0"/>
        <line num="22" count="4625" type="stmt"/>
        <line num="23" count="4625" type="stmt"/>
        <line num="24" count="4625" type="stmt"/>
        <line num="25" count="4625" type="stmt"/>
        <line num="27" count="4625" type="stmt"/>
        <line num="28" count="4625" type="stmt"/>
        <line num="29" count="4625" type="stmt"/>
        <line num="30" count="4625" type="stmt"/>
        <line num="31" count="4625" type="stmt"/>
        <line num="32" count="4625" type="stmt"/>
        <line num="33" count="4625" type="stmt"/>
        <line num="34" count="4625" type="stmt"/>
        <line num="35" count="4625" type="stmt"/>
        <line num="36" count="4625" type="stmt"/>
        <line num="37" count="4625" type="stmt"/>
        <line num="38" count="4625" type="stmt"/>
        <line num="39" count="4625" type="stmt"/>
        <line num="40" count="4625" type="stmt"/>
        <line num="41" count="4625" type="stmt"/>
        <line num="43" count="4625" type="stmt"/>
        <line num="44" count="4625" type="stmt"/>
        <line num="46" count="4625" type="cond" truecount="1" falsecount="0"/>
        <line num="47" count="108" type="stmt"/>
        <line num="48" count="108" type="stmt"/>
        <line num="49" count="108" type="stmt"/>
        <line num="50" count="4625" type="cond" truecount="2" falsecount="0"/>
        <line num="51" count="108" type="stmt"/>
        <line num="52" count="4517" type="cond" truecount="2" falsecount="0"/>
        <line num="53" count="1559" type="stmt"/>
        <line num="54" count="4409" type="cond" truecount="1" falsecount="0"/>
        <line num="55" count="2850" type="stmt"/>
        <line num="56" count="2850" type="stmt"/>
        <line num="57" count="4625" type="stmt"/>
        <line num="64" count="17" type="cond" truecount="1" falsecount="0"/>
        <line num="65" count="17" type="stmt"/>
        <line num="66" count="17" type="stmt"/>
        <line num="67" count="17" type="stmt"/>
        <line num="68" count="17" type="stmt"/>
        <line num="69" count="17" type="stmt"/>
        <line num="70" count="17" type="stmt"/>
        <line num="72" count="17" type="stmt"/>
        <line num="73" count="17" type="stmt"/>
        <line num="81" count="47" type="cond" truecount="1" falsecount="0"/>
        <line num="82" count="47" type="stmt"/>
        <line num="83" count="47" type="stmt"/>
        <line num="84" count="47" type="stmt"/>
        <line num="85" count="47" type="stmt"/>
        <line num="86" count="47" type="stmt"/>
        <line num="87" count="47" type="stmt"/>
        <line num="88" count="47" type="stmt"/>
        <line num="89" count="47" type="stmt"/>
        <line num="90" count="47" type="stmt"/>
        <line num="91" count="47" type="stmt"/>
        <line num="93" count="47" type="cond" truecount="1" falsecount="0"/>
        <line num="94" count="19" type="cond" truecount="1" falsecount="0"/>
        <line num="95" count="19" type="stmt"/>
        <line num="96" count="19" type="cond" truecount="1" falsecount="0"/>
        <line num="97" count="19" type="stmt"/>
        <line num="98" count="47" type="stmt"/>
        <line num="101" count="47" type="cond" truecount="1" falsecount="0"/>
        <line num="102" count="47" type="cond" truecount="1" falsecount="0"/>
        <line num="103" count="19" type="stmt"/>
        <line num="104" count="19" type="stmt"/>
        <line num="105" count="19" type="stmt"/>
        <line num="107" count="19" type="cond" truecount="2" falsecount="0"/>
        <line num="108" count="18" type="stmt"/>
        <line num="109" count="18" type="stmt"/>
        <line num="110" count="19" type="stmt"/>
        <line num="111" count="19" type="stmt"/>
        <line num="112" count="47" type="stmt"/>
        <line num="114" count="47" type="cond" truecount="1" falsecount="0"/>
        <line num="115" count="16" type="stmt"/>
        <line num="116" count="16" type="stmt"/>
        <line num="117" count="16" type="stmt"/>
        <line num="118" count="47" type="stmt"/>
        <line num="120" count="47" type="cond" truecount="1" falsecount="0"/>
        <line num="121" count="33" type="cond" truecount="2" falsecount="0"/>
        <line num="122" count="16" type="stmt"/>
        <line num="123" count="16" type="stmt"/>
        <line num="125" count="16" type="stmt"/>
        <line num="127" count="16" type="cond" truecount="1" falsecount="0"/>
        <line num="129" count="17" type="stmt"/>
        <line num="130" count="17" type="stmt"/>
        <line num="131" count="17" type="stmt"/>
        <line num="132" count="17" type="stmt"/>
        <line num="133" count="17" type="stmt"/>
        <line num="134" count="17" type="cond" truecount="1" falsecount="0"/>
        <line num="135" count="3" type="stmt"/>
        <line num="136" count="3" type="stmt"/>
        <line num="137" count="3" type="stmt"/>
        <line num="138" count="3" type="stmt"/>
        <line num="139" count="3" type="stmt"/>
        <line num="140" count="3" type="stmt"/>
        <line num="141" count="3" type="stmt"/>
        <line num="142" count="3" type="stmt"/>
        <line num="143" count="3" type="stmt"/>
        <line num="145" count="3" type="stmt"/>
        <line num="146" count="3" type="stmt"/>
        <line num="148" count="33" type="stmt"/>
        <line num="149" count="33" type="stmt"/>
        <line num="150" count="33" type="stmt"/>
        <line num="151" count="33" type="stmt"/>
        <line num="152" count="33" type="stmt"/>
        <line num="153" count="33" type="stmt"/>
        <line num="154" count="33" type="stmt"/>
        <line num="155" count="33" type="stmt"/>
        <line num="156" count="33" type="stmt"/>
        <line num="157" count="33" type="stmt"/>
        <line num="158" count="33" type="stmt"/>
        <line num="159" count="33" type="stmt"/>
        <line num="160" count="33" type="stmt"/>
        <line num="161" count="33" type="stmt"/>
        <line num="162" count="33" type="stmt"/>
        <line num="163" count="33" type="stmt"/>
        <line num="164" count="33" type="stmt"/>
        <line num="165" count="33" type="stmt"/>
        <line num="167" count="33" type="stmt"/>
        <line num="169" count="47" type="cond" truecount="2" falsecount="0"/>
        <line num="170" count="3" type="stmt"/>
        <line num="171" count="3" type="cond" truecount="1" falsecount="0"/>
        <line num="173" count="44" type="stmt"/>
        <line num="174" count="44" type="stmt"/>
        <line num="175" count="47" type="cond" truecount="2" falsecount="0"/>
        <line num="176" count="47" type="stmt"/>
        <line num="177" count="47" type="stmt"/>
        <line num="178" count="47" type="stmt"/>
        <line num="179" count="47" type="stmt"/>
        <line num="180" count="47" type="stmt"/>
        <line num="181" count="47" type="stmt"/>
        <line num="182" count="47" type="stmt"/>
        <line num="183" count="47" type="cond" truecount="2" falsecount="0"/>
        <line num="184" count="47" type="stmt"/>
        <line num="185" count="47" type="stmt"/>
        <line num="186" count="47" type="stmt"/>
        <line num="187" count="47" type="stmt"/>
        <line num="188" count="47" type="stmt"/>
        <line num="189" count="47" type="stmt"/>
        <line num="190" count="47" type="stmt"/>
        <line num="191" count="47" type="cond" truecount="2" falsecount="0"/>
        <line num="192" count="47" type="stmt"/>
        <line num="193" count="47" type="stmt"/>
        <line num="194" count="47" type="stmt"/>
        <line num="196" count="47" type="stmt"/>
        <line num="197" count="47" type="stmt"/>
        <line num="198" count="47" type="cond" truecount="1" falsecount="0"/>
        <line num="199" count="4625" type="stmt"/>
        <line num="200" count="4625" type="stmt"/>
        <line num="201" count="4625" type="cond" truecount="1" falsecount="0"/>
        <line num="202" count="4625" type="stmt"/>
        <line num="203" count="4625" type="stmt"/>
        <line num="204" count="4625" type="cond" truecount="1" falsecount="0"/>
        <line num="206" count="4625" type="stmt"/>
        <line num="207" count="4625" type="stmt"/>
        <line num="208" count="4625" type="stmt"/>
        <line num="209" count="4625" type="stmt"/>
        <line num="210" count="4625" type="stmt"/>
        <line num="211" count="4625" type="stmt"/>
        <line num="212" count="47" type="stmt"/>
        <line num="213" count="47" type="stmt"/>
        <line num="214" count="47" type="stmt"/>
        <line num="215" count="47" type="stmt"/>
        <line num="216" count="47" type="cond" truecount="1" falsecount="0"/>
        <line num="217" count="30" type="stmt"/>
        <line num="218" count="30" type="stmt"/>
        <line num="219" count="30" type="stmt"/>
        <line num="220" count="30" type="stmt"/>
        <line num="221" count="30" type="stmt"/>
        <line num="222" count="30" type="stmt"/>
        <line num="223" count="30" type="stmt"/>
        <line num="225" count="47" type="stmt"/>
        <line num="226" count="47" type="stmt"/>
        <line num="228" count="47" type="stmt"/>
        <line num="230" count="1" type="stmt"/>
        <line num="231" count="1" type="stmt"/>
        <line num="232" count="1" type="stmt"/>
      </file>
      <file name="NavBar.jsx" path="C:\Users\k3sar\OneDrive\Desktop\CSE186\Assignment4\src\components\NavBar.jsx">
        <metrics statements="85" coveredstatements="85" conditionals="7" coveredconditionals="7" methods="3" coveredmethods="3"/>
        <line num="1" count="1" type="stmt"/>
        <line num="2" count="1" type="stmt"/>
        <line num="3" count="1" type="stmt"/>
        <line num="4" count="1" type="stmt"/>
        <line num="5" count="1" type="stmt"/>
        <line num="6" count="1" type="stmt"/>
        <line num="7" count="1" type="stmt"/>
        <line num="8" count="1" type="stmt"/>
        <line num="9" count="1" type="stmt"/>
        <line num="10" count="1" type="stmt"/>
        <line num="11" count="1" type="stmt"/>
        <line num="17" count="47" type="cond" truecount="1" falsecount="0"/>
        <line num="18" count="47" type="stmt"/>
        <line num="19" count="47" type="stmt"/>
        <line num="20" count="47" type="stmt"/>
        <line num="21" count="47" type="stmt"/>
        <line num="22" count="47" type="stmt"/>
        <line num="23" count="47" type="stmt"/>
        <line num="24" count="47" type="stmt"/>
        <line num="26" count="47" type="stmt"/>
        <line num="27" count="47" type="stmt"/>
        <line num="28" count="47" type="stmt"/>
        <line num="29" count="47" type="stmt"/>
        <line num="30" count="47" type="stmt"/>
        <line num="32" count="47" type="cond" truecount="1" falsecount="0"/>
        <line num="33" count="3" type="stmt"/>
        <line num="34" count="3" type="stmt"/>
        <line num="35" count="3" type="stmt"/>
        <line num="36" count="3" type="stmt"/>
        <line num="37" count="3" type="stmt"/>
        <line num="38" count="3" type="cond" truecount="1" falsecount="0"/>
        <line num="39" count="1" type="stmt"/>
        <line num="40" count="1" type="stmt"/>
        <line num="41" count="3" type="stmt"/>
        <line num="43" count="47" type="stmt"/>
        <line num="44" count="47" type="stmt"/>
        <line num="45" count="47" type="cond" truecount="1" falsecount="0"/>
        <line num="46" count="141" type="stmt"/>
        <line num="47" count="141" type="stmt"/>
        <line num="48" count="141" type="stmt"/>
        <line num="49" count="141" type="cond" truecount="1" falsecount="0"/>
        <line num="50" count="141" type="stmt"/>
        <line num="51" count="141" type="stmt"/>
        <line num="52" count="141" type="stmt"/>
        <line num="53" count="141" type="stmt"/>
        <line num="55" count="141" type="stmt"/>
        <line num="56" count="141" type="stmt"/>
        <line num="57" count="141" type="stmt"/>
        <line num="58" count="141" type="stmt"/>
        <line num="59" count="141" type="stmt"/>
        <line num="60" count="141" type="stmt"/>
        <line num="61" count="141" type="stmt"/>
        <line num="62" count="141" type="stmt"/>
        <line num="63" count="141" type="stmt"/>
        <line num="64" count="141" type="stmt"/>
        <line num="65" count="141" type="stmt"/>
        <line num="66" count="47" type="stmt"/>
        <line num="67" count="47" type="stmt"/>
        <line num="70" count="47" type="cond" truecount="1" falsecount="0"/>
        <line num="71" count="17" type="stmt"/>
        <line num="72" count="17" type="stmt"/>
        <line num="73" count="17" type="stmt"/>
        <line num="74" count="17" type="stmt"/>
        <line num="75" count="17" type="stmt"/>
        <line num="76" count="17" type="stmt"/>
        <line num="77" count="17" type="stmt"/>
        <line num="78" count="17" type="stmt"/>
        <line num="79" count="17" type="stmt"/>
        <line num="80" count="17" type="stmt"/>
        <line num="81" count="17" type="stmt"/>
        <line num="82" count="17" type="stmt"/>
        <line num="84" count="17" type="stmt"/>
        <line num="85" count="17" type="stmt"/>
        <line num="87" count="17" type="cond" truecount="1" falsecount="0"/>
        <line num="89" count="30" type="stmt"/>
        <line num="90" count="30" type="stmt"/>
        <line num="91" count="30" type="stmt"/>
        <line num="92" count="30" type="stmt"/>
        <line num="93" count="30" type="stmt"/>
        <line num="94" count="30" type="stmt"/>
        <line num="95" count="30" type="stmt"/>
        <line num="96" count="30" type="stmt"/>
        <line num="98" count="30" type="stmt"/>
        <line num="99" count="30" type="stmt"/>
        <line num="101" count="30" type="stmt"/>
      </file>
    </package>
    <package name="src.contexts">
      <metrics statements="55" coveredstatements="55" conditionals="10" coveredconditionals="10" methods="6" coveredmethods="6"/>
      <file name="VisualContext.jsx" path="C:\Users\k3sar\OneDrive\Desktop\CSE186\Assignment4\src\contexts\VisualContext.jsx">
        <metrics statements="55" coveredstatements="55" conditionals="10" coveredconditionals="10" methods="6" coveredmethods="6"/>
        <line num="1" count="1" type="stmt"/>
        <line num="2" count="1" type="stmt"/>
        <line num="4" count="1" type="stmt"/>
        <line num="6" count="1" type="stmt"/>
        <line num="7" count="1" type="stmt"/>
        <line num="8" count="1" type="stmt"/>
        <line num="16" count="1" type="cond" truecount="1" falsecount="0"/>
        <line num="17" count="47" type="stmt"/>
        <line num="18" count="47" type="stmt"/>
        <line num="19" count="47" type="stmt"/>
        <line num="20" count="47" type="stmt"/>
        <line num="21" count="47" type="stmt"/>
        <line num="23" count="47" type="cond" truecount="1" falsecount="0"/>
        <line num="24" count="16" type="cond" truecount="1" falsecount="0"/>
        <line num="25" count="16" type="stmt"/>
        <line num="26" count="16" type="stmt"/>
        <line num="28" count="16" type="stmt"/>
        <line num="29" count="16" type="stmt"/>
        <line num="31" count="16" type="cond" truecount="1" falsecount="0"/>
        <line num="32" count="47" type="stmt"/>
        <line num="34" count="47" type="cond" truecount="1" falsecount="0"/>
        <line num="35" count="38" type="stmt"/>
        <line num="36" count="38" type="cond" truecount="1" falsecount="0"/>
        <line num="37" count="3" type="stmt"/>
        <line num="38" count="3" type="stmt"/>
        <line num="39" count="3" type="stmt"/>
        <line num="40" count="38" type="stmt"/>
        <line num="42" count="47" type="cond" truecount="1" falsecount="0"/>
        <line num="43" count="1" type="stmt"/>
        <line num="44" count="1" type="stmt"/>
        <line num="45" count="1" type="stmt"/>
        <line num="46" count="1" type="stmt"/>
        <line num="47" count="1" type="stmt"/>
        <line num="49" count="47" type="cond" truecount="1" falsecount="0"/>
        <line num="50" count="6" type="stmt"/>
        <line num="51" count="6" type="cond" truecount="1" falsecount="0"/>
        <line num="52" count="1" type="stmt"/>
        <line num="53" count="1" type="stmt"/>
        <line num="54" count="6" type="stmt"/>
        <line num="56" count="47" type="stmt"/>
        <line num="57" count="47" type="stmt"/>
        <line num="58" count="47" type="stmt"/>
        <line num="59" count="47" type="stmt"/>
        <line num="60" count="47" type="stmt"/>
        <line num="61" count="47" type="stmt"/>
        <line num="62" count="47" type="stmt"/>
        <line num="63" count="47" type="stmt"/>
        <line num="64" count="47" type="stmt"/>
        <line num="65" count="47" type="stmt"/>
        <line num="66" count="47" type="stmt"/>
        <line num="67" count="47" type="stmt"/>
        <line num="68" count="47" type="stmt"/>
        <line num="69" count="47" type="stmt"/>
        <line num="71" count="47" type="stmt"/>
        <line num="77" count="1" type="cond" truecount="1" falsecount="0"/>
      </file>
    </package>
  </project>
</coverage>
