{"C:\\Users\\k3sar\\OneDrive\\Desktop\\CSE186\\Assignment4\\src\\App.jsx": {"path":"C:\\Users\\k3sar\\OneDrive\\Desktop\\CSE186\\Assignment4\\src\\App.jsx","all":false,"statementMap":{"0":{"start":{"line":1,"column":0},"end":{"line":1,"column":36}},"1":{"start":{"line":2,"column":0},"end":{"line":2,"column":41}},"2":{"start":{"line":3,"column":0},"end":{"line":3,"column":41}},"3":{"start":{"line":4,"column":0},"end":{"line":4,"column":43}},"4":{"start":{"line":5,"column":0},"end":{"line":5,"column":56}},"10":{"start":{"line":11,"column":0},"end":{"line":11,"column":31}},"11":{"start":{"line":12,"column":0},"end":{"line":12,"column":10}},"12":{"start":{"line":13,"column":0},"end":{"line":13,"column":20}},"13":{"start":{"line":14,"column":0},"end":{"line":14,"column":16}},"14":{"start":{"line":15,"column":0},"end":{"line":15,"column":24}},"15":{"start":{"line":16,"column":0},"end":{"line":16,"column":27}},"16":{"start":{"line":17,"column":0},"end":{"line":17,"column":24}},"17":{"start":{"line":18,"column":0},"end":{"line":18,"column":32}},"18":{"start":{"line":19,"column":0},"end":{"line":19,"column":9}},"19":{"start":{"line":20,"column":0},"end":{"line":20,"column":18}},"20":{"start":{"line":21,"column":0},"end":{"line":21,"column":18}},"21":{"start":{"line":22,"column":0},"end":{"line":22,"column":26}},"22":{"start":{"line":23,"column":0},"end":{"line":23,"column":22}},"23":{"start":{"line":24,"column":0},"end":{"line":24,"column":29}},"24":{"start":{"line":25,"column":0},"end":{"line":25,"column":11}},"25":{"start":{"line":26,"column":0},"end":{"line":26,"column":20}},"26":{"start":{"line":27,"column":0},"end":{"line":27,"column":20}},"27":{"start":{"line":28,"column":0},"end":{"line":28,"column":24}},"28":{"start":{"line":29,"column":0},"end":{"line":29,"column":31}},"29":{"start":{"line":30,"column":0},"end":{"line":30,"column":13}},"30":{"start":{"line":31,"column":0},"end":{"line":31,"column":23}},"31":{"start":{"line":32,"column":0},"end":{"line":32,"column":16}},"32":{"start":{"line":33,"column":0},"end":{"line":33,"column":14}},"33":{"start":{"line":34,"column":0},"end":{"line":34,"column":12}},"34":{"start":{"line":35,"column":0},"end":{"line":35,"column":21}},"36":{"start":{"line":37,"column":0},"end":{"line":37,"column":1}}},"s":{"0":1,"1":1,"2":1,"3":1,"4":1,"10":16,"11":16,"12":16,"13":16,"14":16,"15":16,"16":16,"17":16,"18":16,"19":16,"20":16,"21":16,"22":16,"23":16,"24":16,"25":16,"26":16,"27":16,"28":16,"29":16,"30":16,"31":16,"32":16,"33":16,"34":16,"36":16},"branchMap":{"0":{"type":"branch","line":11,"loc":{"start":{"line":11,"column":0},"end":{"line":37,"column":1}},"locations":[{"start":{"line":11,"column":0},"end":{"line":37,"column":1}}]}},"b":{"0":[16]},"fnMap":{"0":{"name":"App","decl":{"start":{"line":11,"column":0},"end":{"line":37,"column":1}},"loc":{"start":{"line":11,"column":0},"end":{"line":37,"column":1}},"line":11}},"f":{"0":16}}
,"C:\\Users\\k3sar\\OneDrive\\Desktop\\CSE186\\Assignment4\\src\\components\\AppBar.jsx": {"path":"C:\\Users\\k3sar\\OneDrive\\Desktop\\CSE186\\Assignment4\\src\\components\\AppBar.jsx","all":false,"statementMap":{"0":{"start":{"line":1,"column":0},"end":{"line":1,"column":42}},"1":{"start":{"line":2,"column":0},"end":{"line":2,"column":36}},"2":{"start":{"line":3,"column":0},"end":{"line":3,"column":44}},"3":{"start":{"line":4,"column":0},"end":{"line":4,"column":50}},"4":{"start":{"line":5,"column":0},"end":{"line":5,"column":50}},"5":{"start":{"line":6,"column":0},"end":{"line":6,"column":48}},"6":{"start":{"line":7,"column":0},"end":{"line":7,"column":52}},"12":{"start":{"line":13,"column":0},"end":{"line":13,"column":40}},"13":{"start":{"line":14,"column":0},"end":{"line":14,"column":9}},"14":{"start":{"line":15,"column":0},"end":{"line":15,"column":13}},"15":{"start":{"line":16,"column":0},"end":{"line":16,"column":18}},"16":{"start":{"line":17,"column":0},"end":{"line":17,"column":15}},"17":{"start":{"line":18,"column":0},"end":{"line":18,"column":19}},"18":{"start":{"line":19,"column":0},"end":{"line":19,"column":18}},"20":{"start":{"line":21,"column":0},"end":{"line":21,"column":10}},"21":{"start":{"line":22,"column":0},"end":{"line":22,"column":28}},"22":{"start":{"line":23,"column":0},"end":{"line":23,"column":51}},"23":{"start":{"line":24,"column":0},"end":{"line":24,"column":17}},"24":{"start":{"line":25,"column":0},"end":{"line":25,"column":24}},"25":{"start":{"line":26,"column":0},"end":{"line":26,"column":23}},"26":{"start":{"line":27,"column":0},"end":{"line":27,"column":26}},"27":{"start":{"line":28,"column":0},"end":{"line":28,"column":26}},"28":{"start":{"line":29,"column":0},"end":{"line":29,"column":29}},"29":{"start":{"line":30,"column":0},"end":{"line":30,"column":78}},"30":{"start":{"line":31,"column":0},"end":{"line":31,"column":34}},"31":{"start":{"line":32,"column":0},"end":{"line":32,"column":26}},"33":{"start":{"line":34,"column":0},"end":{"line":34,"column":26}},"34":{"start":{"line":35,"column":0},"end":{"line":35,"column":25}},"36":{"start":{"line":37,"column":0},"end":{"line":37,"column":70}},"37":{"start":{"line":38,"column":0},"end":{"line":38,"column":42}},"38":{"start":{"line":39,"column":0},"end":{"line":39,"column":23}},"39":{"start":{"line":40,"column":0},"end":{"line":40,"column":18}},"40":{"start":{"line":41,"column":0},"end":{"line":41,"column":15}},"41":{"start":{"line":42,"column":0},"end":{"line":42,"column":17}},"42":{"start":{"line":43,"column":0},"end":{"line":43,"column":10}},"44":{"start":{"line":45,"column":0},"end":{"line":45,"column":1}}},"s":{"0":1,"1":1,"2":1,"3":1,"4":1,"5":1,"6":1,"12":47,"13":47,"14":47,"15":47,"16":47,"17":47,"18":47,"20":47,"21":47,"22":47,"23":47,"24":47,"25":17,"26":17,"27":17,"28":17,"29":17,"30":17,"31":17,"33":17,"34":17,"36":47,"37":47,"38":47,"39":47,"40":47,"41":47,"42":47,"44":47},"branchMap":{"0":{"type":"branch","line":13,"loc":{"start":{"line":13,"column":0},"end":{"line":45,"column":1}},"locations":[{"start":{"line":13,"column":0},"end":{"line":45,"column":1}}]},"1":{"type":"branch","line":25,"loc":{"start":{"line":25,"column":11},"end":{"line":35,"column":25}},"locations":[{"start":{"line":25,"column":11},"end":{"line":35,"column":25}}]},"2":{"type":"branch","line":30,"loc":{"start":{"line":30,"column":26},"end":{"line":30,"column":61}},"locations":[{"start":{"line":30,"column":26},"end":{"line":30,"column":61}}]},"3":{"type":"branch","line":30,"loc":{"start":{"line":30,"column":42},"end":{"line":30,"column":78}},"locations":[{"start":{"line":30,"column":42},"end":{"line":30,"column":78}}]}},"b":{"0":[47],"1":[17],"2":[4],"3":[13]},"fnMap":{"0":{"name":"ButtonAppBar","decl":{"start":{"line":13,"column":0},"end":{"line":45,"column":1}},"loc":{"start":{"line":13,"column":0},"end":{"line":45,"column":1}},"line":13}},"f":{"0":47}}
,"C:\\Users\\k3sar\\OneDrive\\Desktop\\CSE186\\Assignment4\\src\\components\\Content.jsx": {"path":"C:\\Users\\k3sar\\OneDrive\\Desktop\\CSE186\\Assignment4\\src\\components\\Content.jsx","all":false,"statementMap":{"0":{"start":{"line":1,"column":0},"end":{"line":1,"column":49}},"1":{"start":{"line":2,"column":0},"end":{"line":2,"column":35}},"2":{"start":{"line":3,"column":0},"end":{"line":3,"column":37}},"3":{"start":{"line":4,"column":0},"end":{"line":4,"column":36}},"4":{"start":{"line":5,"column":0},"end":{"line":5,"column":58}},"5":{"start":{"line":6,"column":0},"end":{"line":6,"column":40}},"6":{"start":{"line":7,"column":0},"end":{"line":7,"column":48}},"7":{"start":{"line":8,"column":0},"end":{"line":8,"column":46}},"8":{"start":{"line":9,"column":0},"end":{"line":9,"column":48}},"9":{"start":{"line":10,"column":0},"end":{"line":10,"column":40}},"10":{"start":{"line":11,"column":0},"end":{"line":11,"column":50}},"11":{"start":{"line":12,"column":0},"end":{"line":12,"column":50}},"12":{"start":{"line":13,"column":0},"end":{"line":13,"column":50}},"13":{"start":{"line":14,"column":0},"end":{"line":14,"column":52}},"20":{"start":{"line":21,"column":0},"end":{"line":21,"column":34}},"21":{"start":{"line":22,"column":0},"end":{"line":22,"column":33}},"22":{"start":{"line":23,"column":0},"end":{"line":23,"column":25}},"23":{"start":{"line":24,"column":0},"end":{"line":24,"column":34}},"24":{"start":{"line":25,"column":0},"end":{"line":25,"column":39}},"26":{"start":{"line":27,"column":0},"end":{"line":27,"column":28}},"27":{"start":{"line":28,"column":0},"end":{"line":28,"column":25}},"28":{"start":{"line":29,"column":0},"end":{"line":29,"column":22}},"29":{"start":{"line":30,"column":0},"end":{"line":30,"column":21}},"30":{"start":{"line":31,"column":0},"end":{"line":31,"column":4}},"31":{"start":{"line":32,"column":0},"end":{"line":32,"column":29}},"32":{"start":{"line":33,"column":0},"end":{"line":33,"column":24}},"33":{"start":{"line":34,"column":0},"end":{"line":34,"column":21}},"34":{"start":{"line":35,"column":0},"end":{"line":35,"column":20}},"35":{"start":{"line":36,"column":0},"end":{"line":36,"column":4}},"36":{"start":{"line":37,"column":0},"end":{"line":37,"column":33}},"37":{"start":{"line":38,"column":0},"end":{"line":38,"column":30}},"38":{"start":{"line":39,"column":0},"end":{"line":39,"column":27}},"39":{"start":{"line":40,"column":0},"end":{"line":40,"column":26}},"40":{"start":{"line":41,"column":0},"end":{"line":41,"column":4}},"42":{"start":{"line":43,"column":0},"end":{"line":43,"column":40}},"43":{"start":{"line":44,"column":0},"end":{"line":44,"column":48}},"45":{"start":{"line":46,"column":0},"end":{"line":46,"column":51}},"46":{"start":{"line":47,"column":0},"end":{"line":47,"column":59}},"47":{"start":{"line":48,"column":0},"end":{"line":48,"column":63}},"48":{"start":{"line":49,"column":0},"end":{"line":49,"column":33}},"49":{"start":{"line":50,"column":0},"end":{"line":50,"column":62}},"50":{"start":{"line":51,"column":0},"end":{"line":51,"column":23}},"51":{"start":{"line":52,"column":0},"end":{"line":52,"column":38}},"52":{"start":{"line":53,"column":0},"end":{"line":53,"column":73}},"53":{"start":{"line":54,"column":0},"end":{"line":54,"column":10}},"54":{"start":{"line":55,"column":0},"end":{"line":55,"column":41}},"55":{"start":{"line":56,"column":0},"end":{"line":56,"column":3}},"56":{"start":{"line":57,"column":0},"end":{"line":57,"column":1}},"63":{"start":{"line":64,"column":0},"end":{"line":64,"column":35}},"64":{"start":{"line":65,"column":0},"end":{"line":65,"column":33}},"65":{"start":{"line":66,"column":0},"end":{"line":66,"column":57}},"66":{"start":{"line":67,"column":0},"end":{"line":67,"column":61}},"67":{"start":{"line":68,"column":0},"end":{"line":68,"column":54}},"68":{"start":{"line":69,"column":0},"end":{"line":69,"column":64}},"69":{"start":{"line":70,"column":0},"end":{"line":70,"column":34}},"71":{"start":{"line":72,"column":0},"end":{"line":72,"column":59}},"72":{"start":{"line":73,"column":0},"end":{"line":73,"column":1}},"80":{"start":{"line":81,"column":0},"end":{"line":81,"column":48}},"81":{"start":{"line":82,"column":0},"end":{"line":82,"column":9}},"82":{"start":{"line":83,"column":0},"end":{"line":83,"column":13}},"83":{"start":{"line":84,"column":0},"end":{"line":84,"column":19}},"84":{"start":{"line":85,"column":0},"end":{"line":85,"column":18}},"85":{"start":{"line":86,"column":0},"end":{"line":86,"column":25}},"86":{"start":{"line":87,"column":0},"end":{"line":87,"column":15}},"87":{"start":{"line":88,"column":0},"end":{"line":88,"column":19}},"88":{"start":{"line":89,"column":0},"end":{"line":89,"column":18}},"89":{"start":{"line":90,"column":0},"end":{"line":90,"column":41}},"90":{"start":{"line":91,"column":0},"end":{"line":91,"column":45}},"92":{"start":{"line":93,"column":0},"end":{"line":93,"column":38}},"93":{"start":{"line":94,"column":0},"end":{"line":94,"column":68}},"94":{"start":{"line":95,"column":0},"end":{"line":95,"column":38}},"95":{"start":{"line":96,"column":0},"end":{"line":96,"column":62}},"96":{"start":{"line":97,"column":0},"end":{"line":97,"column":6}},"97":{"start":{"line":98,"column":0},"end":{"line":98,"column":23}},"100":{"start":{"line":101,"column":0},"end":{"line":101,"column":19}},"101":{"start":{"line":102,"column":0},"end":{"line":102,"column":52}},"102":{"start":{"line":103,"column":0},"end":{"line":103,"column":38}},"103":{"start":{"line":104,"column":0},"end":{"line":104,"column":48}},"104":{"start":{"line":105,"column":0},"end":{"line":105,"column":7}},"106":{"start":{"line":107,"column":0},"end":{"line":107,"column":49}},"107":{"start":{"line":108,"column":0},"end":{"line":108,"column":46}},"108":{"start":{"line":109,"column":0},"end":{"line":109,"column":7}},"109":{"start":{"line":110,"column":0},"end":{"line":110,"column":46}},"110":{"start":{"line":111,"column":0},"end":{"line":111,"column":5}},"111":{"start":{"line":112,"column":0},"end":{"line":112,"column":69}},"113":{"start":{"line":114,"column":0},"end":{"line":114,"column":19}},"114":{"start":{"line":115,"column":0},"end":{"line":115,"column":65}},"115":{"start":{"line":116,"column":0},"end":{"line":116,"column":44}},"116":{"start":{"line":117,"column":0},"end":{"line":117,"column":5}},"117":{"start":{"line":118,"column":0},"end":{"line":118,"column":9}},"119":{"start":{"line":120,"column":0},"end":{"line":120,"column":35}},"120":{"start":{"line":121,"column":0},"end":{"line":121,"column":25}},"121":{"start":{"line":122,"column":0},"end":{"line":122,"column":14}},"122":{"start":{"line":123,"column":0},"end":{"line":123,"column":71}},"124":{"start":{"line":125,"column":0},"end":{"line":125,"column":14}},"126":{"start":{"line":127,"column":0},"end":{"line":127,"column":5}},"128":{"start":{"line":129,"column":0},"end":{"line":129,"column":12}},"129":{"start":{"line":130,"column":0},"end":{"line":130,"column":18}},"130":{"start":{"line":131,"column":0},"end":{"line":131,"column":42}},"131":{"start":{"line":132,"column":0},"end":{"line":132,"column":24}},"132":{"start":{"line":133,"column":0},"end":{"line":133,"column":9}},"133":{"start":{"line":134,"column":0},"end":{"line":134,"column":22}},"134":{"start":{"line":135,"column":0},"end":{"line":135,"column":21}},"135":{"start":{"line":136,"column":0},"end":{"line":136,"column":32}},"136":{"start":{"line":137,"column":0},"end":{"line":137,"column":42}},"137":{"start":{"line":138,"column":0},"end":{"line":138,"column":17}},"138":{"start":{"line":139,"column":0},"end":{"line":139,"column":35}},"139":{"start":{"line":140,"column":0},"end":{"line":140,"column":23}},"140":{"start":{"line":141,"column":0},"end":{"line":141,"column":21}},"141":{"start":{"line":142,"column":0},"end":{"line":142,"column":24}},"142":{"start":{"line":143,"column":0},"end":{"line":143,"column":14}},"144":{"start":{"line":145,"column":0},"end":{"line":145,"column":25}},"145":{"start":{"line":146,"column":0},"end":{"line":146,"column":23}},"147":{"start":{"line":148,"column":0},"end":{"line":148,"column":46}},"148":{"start":{"line":149,"column":0},"end":{"line":149,"column":33}},"149":{"start":{"line":150,"column":0},"end":{"line":150,"column":21}},"150":{"start":{"line":151,"column":0},"end":{"line":151,"column":76}},"151":{"start":{"line":152,"column":0},"end":{"line":152,"column":78}},"152":{"start":{"line":153,"column":0},"end":{"line":153,"column":21}},"153":{"start":{"line":154,"column":0},"end":{"line":154,"column":76}},"154":{"start":{"line":155,"column":0},"end":{"line":155,"column":72}},"155":{"start":{"line":156,"column":0},"end":{"line":156,"column":21}},"156":{"start":{"line":157,"column":0},"end":{"line":157,"column":76}},"157":{"start":{"line":158,"column":0},"end":{"line":158,"column":61}},"158":{"start":{"line":159,"column":0},"end":{"line":159,"column":21}},"159":{"start":{"line":160,"column":0},"end":{"line":160,"column":26}},"160":{"start":{"line":161,"column":0},"end":{"line":161,"column":71}},"161":{"start":{"line":162,"column":0},"end":{"line":162,"column":35}},"162":{"start":{"line":163,"column":0},"end":{"line":163,"column":23}},"163":{"start":{"line":164,"column":0},"end":{"line":164,"column":14}},"164":{"start":{"line":165,"column":0},"end":{"line":165,"column":14}},"166":{"start":{"line":167,"column":0},"end":{"line":167,"column":4}},"168":{"start":{"line":169,"column":0},"end":{"line":169,"column":35}},"169":{"start":{"line":170,"column":0},"end":{"line":170,"column":57}},"170":{"start":{"line":171,"column":0},"end":{"line":171,"column":3}},"172":{"start":{"line":173,"column":0},"end":{"line":173,"column":10}},"173":{"start":{"line":174,"column":0},"end":{"line":174,"column":14}},"174":{"start":{"line":175,"column":0},"end":{"line":175,"column":55}},"175":{"start":{"line":176,"column":0},"end":{"line":176,"column":25}},"176":{"start":{"line":177,"column":0},"end":{"line":177,"column":22}},"177":{"start":{"line":178,"column":0},"end":{"line":178,"column":30}},"178":{"start":{"line":179,"column":0},"end":{"line":179,"column":7}},"179":{"start":{"line":180,"column":0},"end":{"line":180,"column":16}},"180":{"start":{"line":181,"column":0},"end":{"line":181,"column":24}},"181":{"start":{"line":182,"column":0},"end":{"line":182,"column":15}},"182":{"start":{"line":183,"column":0},"end":{"line":183,"column":51}},"183":{"start":{"line":184,"column":0},"end":{"line":184,"column":23}},"184":{"start":{"line":185,"column":0},"end":{"line":185,"column":27}},"185":{"start":{"line":186,"column":0},"end":{"line":186,"column":9}},"186":{"start":{"line":187,"column":0},"end":{"line":187,"column":23}},"187":{"start":{"line":188,"column":0},"end":{"line":188,"column":33}},"188":{"start":{"line":189,"column":0},"end":{"line":189,"column":27}},"189":{"start":{"line":190,"column":0},"end":{"line":190,"column":15}},"190":{"start":{"line":191,"column":0},"end":{"line":191,"column":37}},"191":{"start":{"line":192,"column":0},"end":{"line":192,"column":29}},"192":{"start":{"line":193,"column":0},"end":{"line":193,"column":30}},"193":{"start":{"line":194,"column":0},"end":{"line":194,"column":12}},"195":{"start":{"line":196,"column":0},"end":{"line":196,"column":30}},"196":{"start":{"line":197,"column":0},"end":{"line":197,"column":23}},"197":{"start":{"line":198,"column":0},"end":{"line":198,"column":44}},"198":{"start":{"line":199,"column":0},"end":{"line":199,"column":25}},"199":{"start":{"line":200,"column":0},"end":{"line":200,"column":32}},"200":{"start":{"line":201,"column":0},"end":{"line":201,"column":61}},"201":{"start":{"line":202,"column":0},"end":{"line":202,"column":23}},"202":{"start":{"line":203,"column":0},"end":{"line":203,"column":42}},"203":{"start":{"line":204,"column":0},"end":{"line":204,"column":71}},"205":{"start":{"line":206,"column":0},"end":{"line":206,"column":58}},"206":{"start":{"line":207,"column":0},"end":{"line":207,"column":56}},"207":{"start":{"line":208,"column":0},"end":{"line":208,"column":57}},"208":{"start":{"line":209,"column":0},"end":{"line":209,"column":52}},"209":{"start":{"line":210,"column":0},"end":{"line":210,"column":30}},"210":{"start":{"line":211,"column":0},"end":{"line":211,"column":27}},"211":{"start":{"line":212,"column":0},"end":{"line":212,"column":17}},"212":{"start":{"line":213,"column":0},"end":{"line":213,"column":24}},"213":{"start":{"line":214,"column":0},"end":{"line":214,"column":18}},"214":{"start":{"line":215,"column":0},"end":{"line":215,"column":25}},"215":{"start":{"line":216,"column":0},"end":{"line":216,"column":23}},"216":{"start":{"line":217,"column":0},"end":{"line":217,"column":20}},"217":{"start":{"line":218,"column":0},"end":{"line":218,"column":20}},"218":{"start":{"line":219,"column":0},"end":{"line":219,"column":29}},"219":{"start":{"line":220,"column":0},"end":{"line":220,"column":30}},"220":{"start":{"line":221,"column":0},"end":{"line":221,"column":13}},"221":{"start":{"line":222,"column":0},"end":{"line":222,"column":33}},"222":{"start":{"line":223,"column":0},"end":{"line":223,"column":16}},"224":{"start":{"line":225,"column":0},"end":{"line":225,"column":12}},"225":{"start":{"line":226,"column":0},"end":{"line":226,"column":10}},"227":{"start":{"line":228,"column":0},"end":{"line":228,"column":1}},"229":{"start":{"line":230,"column":0},"end":{"line":230,"column":21}},"230":{"start":{"line":231,"column":0},"end":{"line":231,"column":43}},"231":{"start":{"line":232,"column":0},"end":{"line":232,"column":2}}},"s":{"0":1,"1":1,"2":1,"3":1,"4":1,"5":1,"6":1,"7":1,"8":1,"9":1,"10":1,"11":1,"12":1,"13":1,"20":4625,"21":4625,"22":4625,"23":4625,"24":4625,"26":4625,"27":4625,"28":4625,"29":4625,"30":4625,"31":4625,"32":4625,"33":4625,"34":4625,"35":4625,"36":4625,"37":4625,"38":4625,"39":4625,"40":4625,"42":4625,"43":4625,"45":4625,"46":108,"47":108,"48":108,"49":4625,"50":108,"51":4517,"52":1559,"53":4409,"54":2850,"55":2850,"56":4625,"63":17,"64":17,"65":17,"66":17,"67":17,"68":17,"69":17,"71":17,"72":17,"80":47,"81":47,"82":47,"83":47,"84":47,"85":47,"86":47,"87":47,"88":47,"89":47,"90":47,"92":47,"93":19,"94":19,"95":19,"96":19,"97":47,"100":47,"101":47,"102":19,"103":19,"104":19,"106":19,"107":18,"108":18,"109":19,"110":19,"111":47,"113":47,"114":16,"115":16,"116":16,"117":47,"119":47,"120":33,"121":16,"122":16,"124":16,"126":16,"128":17,"129":17,"130":17,"131":17,"132":17,"133":17,"134":3,"135":3,"136":3,"137":3,"138":3,"139":3,"140":3,"141":3,"142":3,"144":3,"145":3,"147":33,"148":33,"149":33,"150":33,"151":33,"152":33,"153":33,"154":33,"155":33,"156":33,"157":33,"158":33,"159":33,"160":33,"161":33,"162":33,"163":33,"164":33,"166":33,"168":47,"169":3,"170":3,"172":44,"173":44,"174":47,"175":47,"176":47,"177":47,"178":47,"179":47,"180":47,"181":47,"182":47,"183":47,"184":47,"185":47,"186":47,"187":47,"188":47,"189":47,"190":47,"191":47,"192":47,"193":47,"195":47,"196":47,"197":47,"198":4625,"199":4625,"200":4625,"201":4625,"202":4625,"203":4625,"205":4625,"206":4625,"207":4625,"208":4625,"209":4625,"210":4625,"211":47,"212":47,"213":47,"214":47,"215":47,"216":30,"217":30,"218":30,"219":30,"220":30,"221":30,"222":30,"224":47,"225":47,"227":47,"229":1,"230":1,"231":1},"branchMap":{"0":{"type":"branch","line":21,"loc":{"start":{"line":21,"column":0},"end":{"line":57,"column":1}},"locations":[{"start":{"line":21,"column":0},"end":{"line":57,"column":1}}]},"1":{"type":"branch","line":46,"loc":{"start":{"line":46,"column":50},"end":{"line":50,"column":13}},"locations":[{"start":{"line":46,"column":50},"end":{"line":50,"column":13}}]},"2":{"type":"branch","line":50,"loc":{"start":{"line":50,"column":2},"end":{"line":56,"column":3}},"locations":[{"start":{"line":50,"column":2},"end":{"line":56,"column":3}}]},"3":{"type":"branch","line":50,"loc":{"start":{"line":50,"column":61},"end":{"line":52,"column":13}},"locations":[{"start":{"line":50,"column":61},"end":{"line":52,"column":13}}]},"4":{"type":"branch","line":52,"loc":{"start":{"line":52,"column":2},"end":{"line":56,"column":3}},"locations":[{"start":{"line":52,"column":2},"end":{"line":56,"column":3}}]},"5":{"type":"branch","line":52,"loc":{"start":{"line":52,"column":37},"end":{"line":54,"column":9}},"locations":[{"start":{"line":52,"column":37},"end":{"line":54,"column":9}}]},"6":{"type":"branch","line":54,"loc":{"start":{"line":54,"column":2},"end":{"line":56,"column":3}},"locations":[{"start":{"line":54,"column":2},"end":{"line":56,"column":3}}]},"7":{"type":"branch","line":64,"loc":{"start":{"line":64,"column":0},"end":{"line":73,"column":1}},"locations":[{"start":{"line":64,"column":0},"end":{"line":73,"column":1}}]},"8":{"type":"branch","line":81,"loc":{"start":{"line":81,"column":0},"end":{"line":228,"column":1}},"locations":[{"start":{"line":81,"column":0},"end":{"line":228,"column":1}}]},"9":{"type":"branch","line":169,"loc":{"start":{"line":169,"column":6},"end":{"line":169,"column":34}},"locations":[{"start":{"line":169,"column":6},"end":{"line":169,"column":34}}]},"10":{"type":"branch","line":169,"loc":{"start":{"line":169,"column":34},"end":{"line":171,"column":3}},"locations":[{"start":{"line":169,"column":34},"end":{"line":171,"column":3}}]},"11":{"type":"branch","line":171,"loc":{"start":{"line":171,"column":2},"end":{"line":175,"column":25}},"locations":[{"start":{"line":171,"column":2},"end":{"line":175,"column":25}}]},"12":{"type":"branch","line":175,"loc":{"start":{"line":175,"column":14},"end":{"line":175,"column":34}},"locations":[{"start":{"line":175,"column":14},"end":{"line":175,"column":34}}]},"13":{"type":"branch","line":175,"loc":{"start":{"line":175,"column":25},"end":{"line":175,"column":55}},"locations":[{"start":{"line":175,"column":25},"end":{"line":175,"column":55}}]},"14":{"type":"branch","line":183,"loc":{"start":{"line":183,"column":23},"end":{"line":183,"column":45}},"locations":[{"start":{"line":183,"column":23},"end":{"line":183,"column":45}}]},"15":{"type":"branch","line":183,"loc":{"start":{"line":183,"column":34},"end":{"line":183,"column":51}},"locations":[{"start":{"line":183,"column":34},"end":{"line":183,"column":51}}]},"16":{"type":"branch","line":191,"loc":{"start":{"line":191,"column":18},"end":{"line":191,"column":33}},"locations":[{"start":{"line":191,"column":18},"end":{"line":191,"column":33}}]},"17":{"type":"branch","line":191,"loc":{"start":{"line":191,"column":29},"end":{"line":191,"column":37}},"locations":[{"start":{"line":191,"column":29},"end":{"line":191,"column":37}}]},"18":{"type":"branch","line":216,"loc":{"start":{"line":216,"column":10},"end":{"line":223,"column":16}},"locations":[{"start":{"line":216,"column":10},"end":{"line":223,"column":16}}]},"19":{"type":"branch","line":93,"loc":{"start":{"line":93,"column":31},"end":{"line":98,"column":5}},"locations":[{"start":{"line":93,"column":31},"end":{"line":98,"column":5}}]},"20":{"type":"branch","line":94,"loc":{"start":{"line":94,"column":34},"end":{"line":94,"column":66}},"locations":[{"start":{"line":94,"column":34},"end":{"line":94,"column":66}}]},"21":{"type":"branch","line":96,"loc":{"start":{"line":96,"column":8},"end":{"line":96,"column":62}},"locations":[{"start":{"line":96,"column":8},"end":{"line":96,"column":62}}]},"22":{"type":"branch","line":101,"loc":{"start":{"line":101,"column":12},"end":{"line":112,"column":5}},"locations":[{"start":{"line":101,"column":12},"end":{"line":112,"column":5}}]},"23":{"type":"branch","line":102,"loc":{"start":{"line":102,"column":51},"end":{"line":111,"column":5}},"locations":[{"start":{"line":102,"column":51},"end":{"line":111,"column":5}}]},"24":{"type":"branch","line":107,"loc":{"start":{"line":107,"column":11},"end":{"line":107,"column":48}},"locations":[{"start":{"line":107,"column":11},"end":{"line":107,"column":48}}]},"25":{"type":"branch","line":107,"loc":{"start":{"line":107,"column":48},"end":{"line":109,"column":7}},"locations":[{"start":{"line":107,"column":48},"end":{"line":109,"column":7}}]},"26":{"type":"branch","line":114,"loc":{"start":{"line":114,"column":12},"end":{"line":118,"column":5}},"locations":[{"start":{"line":114,"column":12},"end":{"line":118,"column":5}}]},"27":{"type":"branch","line":120,"loc":{"start":{"line":120,"column":28},"end":{"line":167,"column":4}},"locations":[{"start":{"line":120,"column":28},"end":{"line":167,"column":4}}]},"28":{"type":"branch","line":121,"loc":{"start":{"line":121,"column":24},"end":{"line":134,"column":22}},"locations":[{"start":{"line":121,"column":24},"end":{"line":134,"column":22}}]},"29":{"type":"branch","line":121,"loc":{"start":{"line":121,"column":24},"end":{"line":127,"column":5}},"locations":[{"start":{"line":121,"column":24},"end":{"line":127,"column":5}}]},"30":{"type":"branch","line":127,"loc":{"start":{"line":127,"column":4},"end":{"line":134,"column":22}},"locations":[{"start":{"line":127,"column":4},"end":{"line":134,"column":22}}]},"31":{"type":"branch","line":134,"loc":{"start":{"line":134,"column":9},"end":{"line":146,"column":23}},"locations":[{"start":{"line":134,"column":9},"end":{"line":146,"column":23}}]},"32":{"type":"branch","line":198,"loc":{"start":{"line":198,"column":32},"end":{"line":211,"column":27}},"locations":[{"start":{"line":198,"column":32},"end":{"line":211,"column":27}}]},"33":{"type":"branch","line":204,"loc":{"start":{"line":204,"column":28},"end":{"line":204,"column":56}},"locations":[{"start":{"line":204,"column":28},"end":{"line":204,"column":56}}]},"34":{"type":"branch","line":201,"loc":{"start":{"line":201,"column":27},"end":{"line":201,"column":61}},"locations":[{"start":{"line":201,"column":27},"end":{"line":201,"column":61}}]}},"b":{"0":[4625],"1":[108],"2":[4517],"3":[108],"4":[4409],"5":[1559],"6":[2850],"7":[17],"8":[47],"9":[17],"10":[3],"11":[44],"12":[14],"13":[30],"14":[14],"15":[30],"16":[14],"17":[30],"18":[30],"19":[19],"20":[22],"21":[10903],"22":[47],"23":[19],"24":[18],"25":[18],"26":[16],"27":[33],"28":[32],"29":[16],"30":[17],"31":[3],"32":[4625],"33":[2829],"34":[4]},"fnMap":{"0":{"name":"formatListDate","decl":{"start":{"line":21,"column":0},"end":{"line":57,"column":1}},"loc":{"start":{"line":21,"column":0},"end":{"line":57,"column":1}},"line":21},"1":{"name":"formatEmailDate","decl":{"start":{"line":64,"column":0},"end":{"line":73,"column":1}},"loc":{"start":{"line":64,"column":0},"end":{"line":73,"column":1}},"line":64},"2":{"name":"Content","decl":{"start":{"line":81,"column":0},"end":{"line":228,"column":1}},"loc":{"start":{"line":81,"column":0},"end":{"line":228,"column":1}},"line":81},"3":{"name":"renderEmailViewer","decl":{"start":{"line":120,"column":28},"end":{"line":167,"column":4}},"loc":{"start":{"line":120,"column":28},"end":{"line":167,"column":4}},"line":120},"4":{"name":"onClick","decl":{"start":{"line":201,"column":27},"end":{"line":201,"column":61}},"loc":{"start":{"line":201,"column":27},"end":{"line":201,"column":61}},"line":201}},"f":{"0":4625,"1":17,"2":47,"3":33,"4":4}}
,"C:\\Users\\k3sar\\OneDrive\\Desktop\\CSE186\\Assignment4\\src\\components\\NavBar.jsx": {"path":"C:\\Users\\k3sar\\OneDrive\\Desktop\\CSE186\\Assignment4\\src\\components\\NavBar.jsx","all":false,"statementMap":{"0":{"start":{"line":1,"column":0},"end":{"line":1,"column":36}},"1":{"start":{"line":2,"column":0},"end":{"line":2,"column":38}},"2":{"start":{"line":3,"column":0},"end":{"line":3,"column":46}},"3":{"start":{"line":4,"column":0},"end":{"line":4,"column":58}},"4":{"start":{"line":5,"column":0},"end":{"line":5,"column":54}},"5":{"start":{"line":6,"column":0},"end":{"line":6,"column":54}},"6":{"start":{"line":7,"column":0},"end":{"line":7,"column":50}},"7":{"start":{"line":8,"column":0},"end":{"line":8,"column":53}},"8":{"start":{"line":9,"column":0},"end":{"line":9,"column":51}},"9":{"start":{"line":10,"column":0},"end":{"line":10,"column":42}},"10":{"start":{"line":11,"column":0},"end":{"line":11,"column":52}},"16":{"start":{"line":17,"column":0},"end":{"line":17,"column":34}},"17":{"start":{"line":18,"column":0},"end":{"line":18,"column":9}},"18":{"start":{"line":19,"column":0},"end":{"line":19,"column":13}},"19":{"start":{"line":20,"column":0},"end":{"line":20,"column":18}},"20":{"start":{"line":21,"column":0},"end":{"line":21,"column":15}},"21":{"start":{"line":22,"column":0},"end":{"line":22,"column":19}},"22":{"start":{"line":23,"column":0},"end":{"line":23,"column":22}},"23":{"start":{"line":24,"column":0},"end":{"line":24,"column":18}},"25":{"start":{"line":26,"column":0},"end":{"line":26,"column":21}},"26":{"start":{"line":27,"column":0},"end":{"line":27,"column":41}},"27":{"start":{"line":28,"column":0},"end":{"line":28,"column":49}},"28":{"start":{"line":29,"column":0},"end":{"line":29,"column":41}},"29":{"start":{"line":30,"column":0},"end":{"line":30,"column":4}},"31":{"start":{"line":32,"column":0},"end":{"line":32,"column":47}},"32":{"start":{"line":33,"column":0},"end":{"line":33,"column":35}},"33":{"start":{"line":34,"column":0},"end":{"line":34,"column":21}},"34":{"start":{"line":35,"column":0},"end":{"line":35,"column":13}},"35":{"start":{"line":36,"column":0},"end":{"line":36,"column":25}},"36":{"start":{"line":37,"column":0},"end":{"line":37,"column":7}},"37":{"start":{"line":38,"column":0},"end":{"line":38,"column":19}},"38":{"start":{"line":39,"column":0},"end":{"line":39,"column":19}},"39":{"start":{"line":40,"column":0},"end":{"line":40,"column":5}},"40":{"start":{"line":41,"column":0},"end":{"line":41,"column":4}},"42":{"start":{"line":43,"column":0},"end":{"line":43,"column":23}},"43":{"start":{"line":44,"column":0},"end":{"line":44,"column":23}},"44":{"start":{"line":45,"column":0},"end":{"line":45,"column":35}},"45":{"start":{"line":46,"column":0},"end":{"line":46,"column":52}},"46":{"start":{"line":47,"column":0},"end":{"line":47,"column":25}},"47":{"start":{"line":48,"column":0},"end":{"line":48,"column":54}},"48":{"start":{"line":49,"column":0},"end":{"line":49,"column":60}},"49":{"start":{"line":50,"column":0},"end":{"line":50,"column":17}},"50":{"start":{"line":51,"column":0},"end":{"line":51,"column":32}},"51":{"start":{"line":52,"column":0},"end":{"line":52,"column":20}},"52":{"start":{"line":53,"column":0},"end":{"line":53,"column":14}},"54":{"start":{"line":55,"column":0},"end":{"line":55,"column":26}},"55":{"start":{"line":56,"column":0},"end":{"line":56,"column":28}},"56":{"start":{"line":57,"column":0},"end":{"line":57,"column":27}},"57":{"start":{"line":58,"column":0},"end":{"line":58,"column":25}},"58":{"start":{"line":59,"column":0},"end":{"line":59,"column":36}},"59":{"start":{"line":60,"column":0},"end":{"line":60,"column":39}},"60":{"start":{"line":61,"column":0},"end":{"line":61,"column":43}},"61":{"start":{"line":62,"column":0},"end":{"line":62,"column":16}},"62":{"start":{"line":63,"column":0},"end":{"line":63,"column":14}},"63":{"start":{"line":64,"column":0},"end":{"line":64,"column":27}},"64":{"start":{"line":65,"column":0},"end":{"line":65,"column":19}},"65":{"start":{"line":66,"column":0},"end":{"line":66,"column":9}},"66":{"start":{"line":67,"column":0},"end":{"line":67,"column":11}},"69":{"start":{"line":70,"column":0},"end":{"line":70,"column":17}},"70":{"start":{"line":71,"column":0},"end":{"line":71,"column":12}},"71":{"start":{"line":72,"column":0},"end":{"line":72,"column":13}},"72":{"start":{"line":73,"column":0},"end":{"line":73,"column":21}},"73":{"start":{"line":74,"column":0},"end":{"line":74,"column":28}},"74":{"start":{"line":75,"column":0},"end":{"line":75,"column":28}},"75":{"start":{"line":76,"column":0},"end":{"line":76,"column":13}},"76":{"start":{"line":77,"column":0},"end":{"line":77,"column":33}},"77":{"start":{"line":78,"column":0},"end":{"line":78,"column":23}},"78":{"start":{"line":79,"column":0},"end":{"line":79,"column":30}},"79":{"start":{"line":80,"column":0},"end":{"line":80,"column":40}},"80":{"start":{"line":81,"column":0},"end":{"line":81,"column":12}},"81":{"start":{"line":82,"column":0},"end":{"line":82,"column":10}},"83":{"start":{"line":84,"column":0},"end":{"line":84,"column":21}},"84":{"start":{"line":85,"column":0},"end":{"line":85,"column":15}},"86":{"start":{"line":87,"column":0},"end":{"line":87,"column":3}},"88":{"start":{"line":89,"column":0},"end":{"line":89,"column":10}},"89":{"start":{"line":90,"column":0},"end":{"line":90,"column":8}},"90":{"start":{"line":91,"column":0},"end":{"line":91,"column":11}},"91":{"start":{"line":92,"column":0},"end":{"line":92,"column":19}},"92":{"start":{"line":93,"column":0},"end":{"line":93,"column":22}},"93":{"start":{"line":94,"column":0},"end":{"line":94,"column":23}},"94":{"start":{"line":95,"column":0},"end":{"line":95,"column":31}},"95":{"start":{"line":96,"column":0},"end":{"line":96,"column":8}},"97":{"start":{"line":98,"column":0},"end":{"line":98,"column":19}},"98":{"start":{"line":99,"column":0},"end":{"line":99,"column":10}},"100":{"start":{"line":101,"column":0},"end":{"line":101,"column":1}}},"s":{"0":1,"1":1,"2":1,"3":1,"4":1,"5":1,"6":1,"7":1,"8":1,"9":1,"10":1,"16":47,"17":47,"18":47,"19":47,"20":47,"21":47,"22":47,"23":47,"25":47,"26":47,"27":47,"28":47,"29":47,"31":47,"32":3,"33":3,"34":3,"35":3,"36":3,"37":3,"38":1,"39":1,"40":3,"42":47,"43":47,"44":47,"45":141,"46":141,"47":141,"48":141,"49":141,"50":141,"51":141,"52":141,"54":141,"55":141,"56":141,"57":141,"58":141,"59":141,"60":141,"61":141,"62":141,"63":141,"64":141,"65":47,"66":47,"69":47,"70":17,"71":17,"72":17,"73":17,"74":17,"75":17,"76":17,"77":17,"78":17,"79":17,"80":17,"81":17,"83":17,"84":17,"86":17,"88":30,"89":30,"90":30,"91":30,"92":30,"93":30,"94":30,"95":30,"97":30,"98":30,"100":30},"branchMap":{"0":{"type":"branch","line":17,"loc":{"start":{"line":17,"column":0},"end":{"line":101,"column":1}},"locations":[{"start":{"line":17,"column":0},"end":{"line":101,"column":1}}]},"1":{"type":"branch","line":70,"loc":{"start":{"line":70,"column":16},"end":{"line":87,"column":3}},"locations":[{"start":{"line":70,"column":16},"end":{"line":87,"column":3}}]},"2":{"type":"branch","line":87,"loc":{"start":{"line":87,"column":2},"end":{"line":101,"column":1}},"locations":[{"start":{"line":87,"column":2},"end":{"line":101,"column":1}}]},"3":{"type":"branch","line":32,"loc":{"start":{"line":32,"column":29},"end":{"line":41,"column":4}},"locations":[{"start":{"line":32,"column":29},"end":{"line":41,"column":4}}]},"4":{"type":"branch","line":38,"loc":{"start":{"line":38,"column":18},"end":{"line":40,"column":5}},"locations":[{"start":{"line":38,"column":18},"end":{"line":40,"column":5}}]},"5":{"type":"branch","line":45,"loc":{"start":{"line":45,"column":21},"end":{"line":65,"column":19}},"locations":[{"start":{"line":45,"column":21},"end":{"line":65,"column":19}}]},"6":{"type":"branch","line":49,"loc":{"start":{"line":49,"column":21},"end":{"line":49,"column":60}},"locations":[{"start":{"line":49,"column":21},"end":{"line":49,"column":60}}]}},"b":{"0":[47],"1":[17],"2":[30],"3":[3],"4":[1],"5":[141],"6":[3]},"fnMap":{"0":{"name":"NavBar","decl":{"start":{"line":17,"column":0},"end":{"line":101,"column":1}},"loc":{"start":{"line":17,"column":0},"end":{"line":101,"column":1}},"line":17},"1":{"name":"handleMailboxClick","decl":{"start":{"line":32,"column":29},"end":{"line":41,"column":4}},"loc":{"start":{"line":32,"column":29},"end":{"line":41,"column":4}},"line":32},"2":{"name":"onClick","decl":{"start":{"line":49,"column":21},"end":{"line":49,"column":60}},"loc":{"start":{"line":49,"column":21},"end":{"line":49,"column":60}},"line":49}},"f":{"0":47,"1":3,"2":3}}
,"C:\\Users\\k3sar\\OneDrive\\Desktop\\CSE186\\Assignment4\\src\\contexts\\VisualContext.jsx": {"path":"C:\\Users\\k3sar\\OneDrive\\Desktop\\CSE186\\Assignment4\\src\\contexts\\VisualContext.jsx","all":false,"statementMap":{"0":{"start":{"line":1,"column":0},"end":{"line":1,"column":69}},"1":{"start":{"line":2,"column":0},"end":{"line":2,"column":35}},"3":{"start":{"line":4,"column":0},"end":{"line":4,"column":38}},"5":{"start":{"line":6,"column":0},"end":{"line":6,"column":28}},"6":{"start":{"line":7,"column":0},"end":{"line":7,"column":38}},"7":{"start":{"line":8,"column":0},"end":{"line":8,"column":2}},"15":{"start":{"line":16,"column":0},"end":{"line":16,"column":44}},"16":{"start":{"line":17,"column":0},"end":{"line":17,"column":50}},"17":{"start":{"line":18,"column":0},"end":{"line":18,"column":62}},"18":{"start":{"line":19,"column":0},"end":{"line":19,"column":59}},"19":{"start":{"line":20,"column":0},"end":{"line":20,"column":60}},"20":{"start":{"line":21,"column":0},"end":{"line":21,"column":64}},"22":{"start":{"line":23,"column":0},"end":{"line":23,"column":19}},"23":{"start":{"line":24,"column":0},"end":{"line":24,"column":31}},"24":{"start":{"line":25,"column":0},"end":{"line":25,"column":43}},"25":{"start":{"line":26,"column":0},"end":{"line":26,"column":6}},"27":{"start":{"line":28,"column":0},"end":{"line":28,"column":18}},"28":{"start":{"line":29,"column":0},"end":{"line":29,"column":51}},"30":{"start":{"line":31,"column":0},"end":{"line":31,"column":67}},"31":{"start":{"line":32,"column":0},"end":{"line":32,"column":9}},"33":{"start":{"line":34,"column":0},"end":{"line":34,"column":43}},"34":{"start":{"line":35,"column":0},"end":{"line":35,"column":28}},"35":{"start":{"line":36,"column":0},"end":{"line":36,"column":19}},"36":{"start":{"line":37,"column":0},"end":{"line":37,"column":30}},"37":{"start":{"line":38,"column":0},"end":{"line":38,"column":30}},"38":{"start":{"line":39,"column":0},"end":{"line":39,"column":5}},"39":{"start":{"line":40,"column":0},"end":{"line":40,"column":4}},"41":{"start":{"line":42,"column":0},"end":{"line":42,"column":28}},"42":{"start":{"line":43,"column":0},"end":{"line":43,"column":19}},"43":{"start":{"line":44,"column":0},"end":{"line":44,"column":31}},"44":{"start":{"line":45,"column":0},"end":{"line":45,"column":5}},"45":{"start":{"line":46,"column":0},"end":{"line":46,"column":27}},"46":{"start":{"line":47,"column":0},"end":{"line":47,"column":4}},"48":{"start":{"line":49,"column":0},"end":{"line":49,"column":28}},"49":{"start":{"line":50,"column":0},"end":{"line":50,"column":37}},"50":{"start":{"line":51,"column":0},"end":{"line":51,"column":37}},"51":{"start":{"line":52,"column":0},"end":{"line":52,"column":31}},"52":{"start":{"line":53,"column":0},"end":{"line":53,"column":5}},"53":{"start":{"line":54,"column":0},"end":{"line":54,"column":4}},"55":{"start":{"line":56,"column":0},"end":{"line":56,"column":10}},"56":{"start":{"line":57,"column":0},"end":{"line":57,"column":36}},"57":{"start":{"line":58,"column":0},"end":{"line":58,"column":15}},"58":{"start":{"line":59,"column":0},"end":{"line":59,"column":21}},"59":{"start":{"line":60,"column":0},"end":{"line":60,"column":20}},"60":{"start":{"line":61,"column":0},"end":{"line":61,"column":20}},"61":{"start":{"line":62,"column":0},"end":{"line":62,"column":21}},"62":{"start":{"line":63,"column":0},"end":{"line":63,"column":27}},"63":{"start":{"line":64,"column":0},"end":{"line":64,"column":17}},"64":{"start":{"line":65,"column":0},"end":{"line":65,"column":17}},"65":{"start":{"line":66,"column":0},"end":{"line":66,"column":24}},"66":{"start":{"line":67,"column":0},"end":{"line":67,"column":7}},"67":{"start":{"line":68,"column":0},"end":{"line":68,"column":16}},"68":{"start":{"line":69,"column":0},"end":{"line":69,"column":29}},"70":{"start":{"line":71,"column":0},"end":{"line":71,"column":1}},"76":{"start":{"line":77,"column":0},"end":{"line":77,"column":57}}},"s":{"0":1,"1":1,"3":1,"5":1,"6":1,"7":1,"15":1,"16":47,"17":47,"18":47,"19":47,"20":47,"22":47,"23":16,"24":16,"25":16,"27":16,"28":16,"30":16,"31":47,"33":47,"34":38,"35":38,"36":3,"37":3,"38":3,"39":38,"41":47,"42":1,"43":1,"44":1,"45":1,"46":1,"48":47,"49":6,"50":6,"51":1,"52":1,"53":6,"55":47,"56":47,"57":47,"58":47,"59":47,"60":47,"61":47,"62":47,"63":47,"64":47,"65":47,"66":47,"67":47,"68":47,"70":47,"76":1},"branchMap":{"0":{"type":"branch","line":16,"loc":{"start":{"line":16,"column":7},"end":{"line":71,"column":1}},"locations":[{"start":{"line":16,"column":7},"end":{"line":71,"column":1}}]},"1":{"type":"branch","line":23,"loc":{"start":{"line":23,"column":12},"end":{"line":32,"column":5}},"locations":[{"start":{"line":23,"column":12},"end":{"line":32,"column":5}}]},"2":{"type":"branch","line":24,"loc":{"start":{"line":24,"column":24},"end":{"line":26,"column":6}},"locations":[{"start":{"line":24,"column":24},"end":{"line":26,"column":6}}]},"3":{"type":"branch","line":31,"loc":{"start":{"line":31,"column":11},"end":{"line":31,"column":67}},"locations":[{"start":{"line":31,"column":11},"end":{"line":31,"column":67}}]},"4":{"type":"branch","line":34,"loc":{"start":{"line":34,"column":31},"end":{"line":40,"column":4}},"locations":[{"start":{"line":34,"column":31},"end":{"line":40,"column":4}}]},"5":{"type":"branch","line":36,"loc":{"start":{"line":36,"column":18},"end":{"line":39,"column":5}},"locations":[{"start":{"line":36,"column":18},"end":{"line":39,"column":5}}]},"6":{"type":"branch","line":42,"loc":{"start":{"line":42,"column":21},"end":{"line":47,"column":4}},"locations":[{"start":{"line":42,"column":21},"end":{"line":47,"column":4}}]},"7":{"type":"branch","line":49,"loc":{"start":{"line":49,"column":21},"end":{"line":54,"column":4}},"locations":[{"start":{"line":49,"column":21},"end":{"line":54,"column":4}}]},"8":{"type":"branch","line":51,"loc":{"start":{"line":51,"column":36},"end":{"line":53,"column":5}},"locations":[{"start":{"line":51,"column":36},"end":{"line":53,"column":5}}]},"9":{"type":"branch","line":77,"loc":{"start":{"line":77,"column":25},"end":{"line":77,"column":57}},"locations":[{"start":{"line":77,"column":25},"end":{"line":77,"column":57}}]}},"b":{"0":[47],"1":[16],"2":[16],"3":[16],"4":[38],"5":[3],"6":[1],"7":[6],"8":[1],"9":[141]},"fnMap":{"0":{"name":"VisualProvider","decl":{"start":{"line":16,"column":7},"end":{"line":71,"column":1}},"loc":{"start":{"line":16,"column":7},"end":{"line":71,"column":1}},"line":16},"1":{"name":"checkMobile","decl":{"start":{"line":24,"column":24},"end":{"line":26,"column":6}},"loc":{"start":{"line":24,"column":24},"end":{"line":26,"column":6}},"line":24},"2":{"name":"handleEmailSelection","decl":{"start":{"line":34,"column":31},"end":{"line":40,"column":4}},"loc":{"start":{"line":34,"column":31},"end":{"line":40,"column":4}},"line":34},"3":{"name":"closeEmail","decl":{"start":{"line":42,"column":21},"end":{"line":47,"column":4}},"loc":{"start":{"line":42,"column":21},"end":{"line":47,"column":4}},"line":42},"4":{"name":"toggleMenu","decl":{"start":{"line":49,"column":21},"end":{"line":54,"column":4}},"loc":{"start":{"line":49,"column":21},"end":{"line":54,"column":4}},"line":49},"5":{"name":"useVisual","decl":{"start":{"line":77,"column":25},"end":{"line":77,"column":57}},"loc":{"start":{"line":77,"column":25},"end":{"line":77,"column":57}},"line":77}},"f":{"0":47,"1":16,"2":38,"3":1,"4":6,"5":141}}
}
