{"C:\\Users\\k3sar\\OneDrive\\Desktop\\CSE186\\Assignment4\\src\\App.jsx": {"path":"C:\\Users\\k3sar\\OneDrive\\Desktop\\CSE186\\Assignment4\\src\\App.jsx","all":false,"statementMap":{"0":{"start":{"line":1,"column":0},"end":{"line":1,"column":36}},"1":{"start":{"line":2,"column":0},"end":{"line":2,"column":41}},"2":{"start":{"line":3,"column":0},"end":{"line":3,"column":41}},"3":{"start":{"line":4,"column":0},"end":{"line":4,"column":43}},"4":{"start":{"line":5,"column":0},"end":{"line":5,"column":56}},"17":{"start":{"line":18,"column":0},"end":{"line":18,"column":31}},"18":{"start":{"line":19,"column":0},"end":{"line":19,"column":10}},"19":{"start":{"line":20,"column":0},"end":{"line":20,"column":20}},"20":{"start":{"line":21,"column":0},"end":{"line":21,"column":16}},"21":{"start":{"line":22,"column":0},"end":{"line":22,"column":24}},"22":{"start":{"line":23,"column":0},"end":{"line":23,"column":27}},"23":{"start":{"line":24,"column":0},"end":{"line":24,"column":24}},"24":{"start":{"line":25,"column":0},"end":{"line":25,"column":32}},"25":{"start":{"line":26,"column":0},"end":{"line":26,"column":9}},"26":{"start":{"line":27,"column":0},"end":{"line":27,"column":18}},"27":{"start":{"line":28,"column":0},"end":{"line":28,"column":18}},"28":{"start":{"line":29,"column":0},"end":{"line":29,"column":26}},"29":{"start":{"line":30,"column":0},"end":{"line":30,"column":22}},"30":{"start":{"line":31,"column":0},"end":{"line":31,"column":29}},"31":{"start":{"line":32,"column":0},"end":{"line":32,"column":11}},"32":{"start":{"line":33,"column":0},"end":{"line":33,"column":20}},"33":{"start":{"line":34,"column":0},"end":{"line":34,"column":20}},"34":{"start":{"line":35,"column":0},"end":{"line":35,"column":24}},"35":{"start":{"line":36,"column":0},"end":{"line":36,"column":31}},"36":{"start":{"line":37,"column":0},"end":{"line":37,"column":13}},"37":{"start":{"line":38,"column":0},"end":{"line":38,"column":23}},"38":{"start":{"line":39,"column":0},"end":{"line":39,"column":16}},"39":{"start":{"line":40,"column":0},"end":{"line":40,"column":14}},"40":{"start":{"line":41,"column":0},"end":{"line":41,"column":12}},"41":{"start":{"line":42,"column":0},"end":{"line":42,"column":21}},"43":{"start":{"line":44,"column":0},"end":{"line":44,"column":1}}},"s":{"0":1,"1":1,"2":1,"3":1,"4":1,"17":16,"18":16,"19":16,"20":16,"21":16,"22":16,"23":16,"24":16,"25":16,"26":16,"27":16,"28":16,"29":16,"30":16,"31":16,"32":16,"33":16,"34":16,"35":16,"36":16,"37":16,"38":16,"39":16,"40":16,"41":16,"43":16},"branchMap":{"0":{"type":"branch","line":18,"loc":{"start":{"line":18,"column":0},"end":{"line":44,"column":1}},"locations":[{"start":{"line":18,"column":0},"end":{"line":44,"column":1}}]}},"b":{"0":[16]},"fnMap":{"0":{"name":"App","decl":{"start":{"line":18,"column":0},"end":{"line":44,"column":1}},"loc":{"start":{"line":18,"column":0},"end":{"line":44,"column":1}},"line":18}},"f":{"0":16}}
,"C:\\Users\\k3sar\\OneDrive\\Desktop\\CSE186\\Assignment4\\src\\components\\AppBar.jsx": {"path":"C:\\Users\\k3sar\\OneDrive\\Desktop\\CSE186\\Assignment4\\src\\components\\AppBar.jsx","all":false,"statementMap":{"0":{"start":{"line":1,"column":0},"end":{"line":1,"column":42}},"1":{"start":{"line":2,"column":0},"end":{"line":2,"column":36}},"2":{"start":{"line":3,"column":0},"end":{"line":3,"column":44}},"3":{"start":{"line":4,"column":0},"end":{"line":4,"column":50}},"4":{"start":{"line":5,"column":0},"end":{"line":5,"column":50}},"5":{"start":{"line":6,"column":0},"end":{"line":6,"column":48}},"6":{"start":{"line":7,"column":0},"end":{"line":7,"column":52}},"18":{"start":{"line":19,"column":0},"end":{"line":19,"column":40}},"19":{"start":{"line":20,"column":0},"end":{"line":20,"column":9}},"20":{"start":{"line":21,"column":0},"end":{"line":21,"column":13}},"21":{"start":{"line":22,"column":0},"end":{"line":22,"column":18}},"22":{"start":{"line":23,"column":0},"end":{"line":23,"column":15}},"23":{"start":{"line":24,"column":0},"end":{"line":24,"column":19}},"24":{"start":{"line":25,"column":0},"end":{"line":25,"column":18}},"26":{"start":{"line":27,"column":0},"end":{"line":27,"column":10}},"27":{"start":{"line":28,"column":0},"end":{"line":28,"column":28}},"28":{"start":{"line":29,"column":0},"end":{"line":29,"column":51}},"29":{"start":{"line":30,"column":0},"end":{"line":30,"column":17}},"30":{"start":{"line":31,"column":0},"end":{"line":31,"column":24}},"31":{"start":{"line":32,"column":0},"end":{"line":32,"column":23}},"32":{"start":{"line":33,"column":0},"end":{"line":33,"column":26}},"33":{"start":{"line":34,"column":0},"end":{"line":34,"column":26}},"34":{"start":{"line":35,"column":0},"end":{"line":35,"column":29}},"35":{"start":{"line":36,"column":0},"end":{"line":36,"column":78}},"36":{"start":{"line":37,"column":0},"end":{"line":37,"column":34}},"37":{"start":{"line":38,"column":0},"end":{"line":38,"column":26}},"39":{"start":{"line":40,"column":0},"end":{"line":40,"column":26}},"40":{"start":{"line":41,"column":0},"end":{"line":41,"column":25}},"42":{"start":{"line":43,"column":0},"end":{"line":43,"column":70}},"43":{"start":{"line":44,"column":0},"end":{"line":44,"column":42}},"44":{"start":{"line":45,"column":0},"end":{"line":45,"column":23}},"45":{"start":{"line":46,"column":0},"end":{"line":46,"column":18}},"46":{"start":{"line":47,"column":0},"end":{"line":47,"column":15}},"47":{"start":{"line":48,"column":0},"end":{"line":48,"column":17}},"48":{"start":{"line":49,"column":0},"end":{"line":49,"column":10}},"50":{"start":{"line":51,"column":0},"end":{"line":51,"column":1}}},"s":{"0":1,"1":1,"2":1,"3":1,"4":1,"5":1,"6":1,"18":47,"19":47,"20":47,"21":47,"22":47,"23":47,"24":47,"26":47,"27":47,"28":47,"29":47,"30":47,"31":17,"32":17,"33":17,"34":17,"35":17,"36":17,"37":17,"39":17,"40":17,"42":47,"43":47,"44":47,"45":47,"46":47,"47":47,"48":47,"50":47},"branchMap":{"0":{"type":"branch","line":19,"loc":{"start":{"line":19,"column":0},"end":{"line":51,"column":1}},"locations":[{"start":{"line":19,"column":0},"end":{"line":51,"column":1}}]},"1":{"type":"branch","line":31,"loc":{"start":{"line":31,"column":11},"end":{"line":41,"column":25}},"locations":[{"start":{"line":31,"column":11},"end":{"line":41,"column":25}}]},"2":{"type":"branch","line":36,"loc":{"start":{"line":36,"column":26},"end":{"line":36,"column":61}},"locations":[{"start":{"line":36,"column":26},"end":{"line":36,"column":61}}]},"3":{"type":"branch","line":36,"loc":{"start":{"line":36,"column":42},"end":{"line":36,"column":78}},"locations":[{"start":{"line":36,"column":42},"end":{"line":36,"column":78}}]}},"b":{"0":[47],"1":[17],"2":[4],"3":[13]},"fnMap":{"0":{"name":"ButtonAppBar","decl":{"start":{"line":19,"column":0},"end":{"line":51,"column":1}},"loc":{"start":{"line":19,"column":0},"end":{"line":51,"column":1}},"line":19}},"f":{"0":47}}
,"C:\\Users\\k3sar\\OneDrive\\Desktop\\CSE186\\Assignment4\\src\\components\\Content.jsx": {"path":"C:\\Users\\k3sar\\OneDrive\\Desktop\\CSE186\\Assignment4\\src\\components\\Content.jsx","all":false,"statementMap":{"0":{"start":{"line":1,"column":0},"end":{"line":1,"column":49}},"1":{"start":{"line":2,"column":0},"end":{"line":2,"column":35}},"2":{"start":{"line":3,"column":0},"end":{"line":3,"column":37}},"3":{"start":{"line":4,"column":0},"end":{"line":4,"column":36}},"4":{"start":{"line":5,"column":0},"end":{"line":5,"column":58}},"5":{"start":{"line":6,"column":0},"end":{"line":6,"column":40}},"6":{"start":{"line":7,"column":0},"end":{"line":7,"column":48}},"7":{"start":{"line":8,"column":0},"end":{"line":8,"column":46}},"8":{"start":{"line":9,"column":0},"end":{"line":9,"column":48}},"9":{"start":{"line":10,"column":0},"end":{"line":10,"column":40}},"10":{"start":{"line":11,"column":0},"end":{"line":11,"column":50}},"11":{"start":{"line":12,"column":0},"end":{"line":12,"column":50}},"12":{"start":{"line":13,"column":0},"end":{"line":13,"column":50}},"13":{"start":{"line":14,"column":0},"end":{"line":14,"column":52}},"20":{"start":{"line":21,"column":0},"end":{"line":21,"column":34}},"21":{"start":{"line":22,"column":0},"end":{"line":22,"column":33}},"22":{"start":{"line":23,"column":0},"end":{"line":23,"column":25}},"23":{"start":{"line":24,"column":0},"end":{"line":24,"column":34}},"24":{"start":{"line":25,"column":0},"end":{"line":25,"column":39}},"26":{"start":{"line":27,"column":0},"end":{"line":27,"column":28}},"27":{"start":{"line":28,"column":0},"end":{"line":28,"column":25}},"28":{"start":{"line":29,"column":0},"end":{"line":29,"column":22}},"29":{"start":{"line":30,"column":0},"end":{"line":30,"column":21}},"30":{"start":{"line":31,"column":0},"end":{"line":31,"column":4}},"31":{"start":{"line":32,"column":0},"end":{"line":32,"column":29}},"32":{"start":{"line":33,"column":0},"end":{"line":33,"column":24}},"33":{"start":{"line":34,"column":0},"end":{"line":34,"column":21}},"34":{"start":{"line":35,"column":0},"end":{"line":35,"column":20}},"35":{"start":{"line":36,"column":0},"end":{"line":36,"column":4}},"36":{"start":{"line":37,"column":0},"end":{"line":37,"column":33}},"37":{"start":{"line":38,"column":0},"end":{"line":38,"column":30}},"38":{"start":{"line":39,"column":0},"end":{"line":39,"column":27}},"39":{"start":{"line":40,"column":0},"end":{"line":40,"column":26}},"40":{"start":{"line":41,"column":0},"end":{"line":41,"column":4}},"42":{"start":{"line":43,"column":0},"end":{"line":43,"column":40}},"43":{"start":{"line":44,"column":0},"end":{"line":44,"column":48}},"45":{"start":{"line":46,"column":0},"end":{"line":46,"column":51}},"46":{"start":{"line":47,"column":0},"end":{"line":47,"column":59}},"47":{"start":{"line":48,"column":0},"end":{"line":48,"column":63}},"48":{"start":{"line":49,"column":0},"end":{"line":49,"column":33}},"49":{"start":{"line":50,"column":0},"end":{"line":50,"column":62}},"50":{"start":{"line":51,"column":0},"end":{"line":51,"column":23}},"51":{"start":{"line":52,"column":0},"end":{"line":52,"column":38}},"52":{"start":{"line":53,"column":0},"end":{"line":53,"column":73}},"53":{"start":{"line":54,"column":0},"end":{"line":54,"column":10}},"54":{"start":{"line":55,"column":0},"end":{"line":55,"column":41}},"55":{"start":{"line":56,"column":0},"end":{"line":56,"column":3}},"56":{"start":{"line":57,"column":0},"end":{"line":57,"column":1}},"63":{"start":{"line":64,"column":0},"end":{"line":64,"column":35}},"64":{"start":{"line":65,"column":0},"end":{"line":65,"column":33}},"65":{"start":{"line":66,"column":0},"end":{"line":66,"column":57}},"66":{"start":{"line":67,"column":0},"end":{"line":67,"column":61}},"67":{"start":{"line":68,"column":0},"end":{"line":68,"column":54}},"68":{"start":{"line":69,"column":0},"end":{"line":69,"column":64}},"69":{"start":{"line":70,"column":0},"end":{"line":70,"column":34}},"71":{"start":{"line":72,"column":0},"end":{"line":72,"column":59}},"72":{"start":{"line":73,"column":0},"end":{"line":73,"column":1}},"80":{"start":{"line":81,"column":0},"end":{"line":81,"column":48}},"81":{"start":{"line":82,"column":0},"end":{"line":82,"column":9}},"82":{"start":{"line":83,"column":0},"end":{"line":83,"column":13}},"83":{"start":{"line":84,"column":0},"end":{"line":84,"column":19}},"84":{"start":{"line":85,"column":0},"end":{"line":85,"column":18}},"85":{"start":{"line":86,"column":0},"end":{"line":86,"column":25}},"86":{"start":{"line":87,"column":0},"end":{"line":87,"column":15}},"87":{"start":{"line":88,"column":0},"end":{"line":88,"column":19}},"88":{"start":{"line":89,"column":0},"end":{"line":89,"column":18}},"89":{"start":{"line":90,"column":0},"end":{"line":90,"column":41}},"90":{"start":{"line":91,"column":0},"end":{"line":91,"column":45}},"92":{"start":{"line":93,"column":0},"end":{"line":93,"column":38}},"93":{"start":{"line":94,"column":0},"end":{"line":94,"column":68}},"94":{"start":{"line":95,"column":0},"end":{"line":95,"column":38}},"95":{"start":{"line":96,"column":0},"end":{"line":96,"column":62}},"96":{"start":{"line":97,"column":0},"end":{"line":97,"column":6}},"97":{"start":{"line":98,"column":0},"end":{"line":98,"column":23}},"100":{"start":{"line":101,"column":0},"end":{"line":101,"column":19}},"101":{"start":{"line":102,"column":0},"end":{"line":102,"column":52}},"102":{"start":{"line":103,"column":0},"end":{"line":103,"column":38}},"103":{"start":{"line":104,"column":0},"end":{"line":104,"column":48}},"104":{"start":{"line":105,"column":0},"end":{"line":105,"column":7}},"106":{"start":{"line":107,"column":0},"end":{"line":107,"column":49}},"107":{"start":{"line":108,"column":0},"end":{"line":108,"column":46}},"108":{"start":{"line":109,"column":0},"end":{"line":109,"column":7}},"109":{"start":{"line":110,"column":0},"end":{"line":110,"column":46}},"110":{"start":{"line":111,"column":0},"end":{"line":111,"column":5}},"111":{"start":{"line":112,"column":0},"end":{"line":112,"column":69}},"113":{"start":{"line":114,"column":0},"end":{"line":114,"column":19}},"114":{"start":{"line":115,"column":0},"end":{"line":115,"column":65}},"115":{"start":{"line":116,"column":0},"end":{"line":116,"column":44}},"116":{"start":{"line":117,"column":0},"end":{"line":117,"column":5}},"117":{"start":{"line":118,"column":0},"end":{"line":118,"column":9}},"119":{"start":{"line":120,"column":0},"end":{"line":120,"column":35}},"120":{"start":{"line":121,"column":0},"end":{"line":121,"column":25}},"121":{"start":{"line":122,"column":0},"end":{"line":122,"column":14}},"122":{"start":{"line":123,"column":0},"end":{"line":123,"column":71}},"124":{"start":{"line":125,"column":0},"end":{"line":125,"column":14}},"126":{"start":{"line":127,"column":0},"end":{"line":127,"column":5}},"134":{"start":{"line":135,"column":0},"end":{"line":135,"column":12}},"135":{"start":{"line":136,"column":0},"end":{"line":136,"column":18}},"136":{"start":{"line":137,"column":0},"end":{"line":137,"column":42}},"137":{"start":{"line":138,"column":0},"end":{"line":138,"column":24}},"138":{"start":{"line":139,"column":0},"end":{"line":139,"column":9}},"139":{"start":{"line":140,"column":0},"end":{"line":140,"column":22}},"140":{"start":{"line":141,"column":0},"end":{"line":141,"column":21}},"141":{"start":{"line":142,"column":0},"end":{"line":142,"column":32}},"142":{"start":{"line":143,"column":0},"end":{"line":143,"column":42}},"143":{"start":{"line":144,"column":0},"end":{"line":144,"column":17}},"144":{"start":{"line":145,"column":0},"end":{"line":145,"column":35}},"145":{"start":{"line":146,"column":0},"end":{"line":146,"column":23}},"146":{"start":{"line":147,"column":0},"end":{"line":147,"column":21}},"147":{"start":{"line":148,"column":0},"end":{"line":148,"column":24}},"148":{"start":{"line":149,"column":0},"end":{"line":149,"column":14}},"150":{"start":{"line":151,"column":0},"end":{"line":151,"column":25}},"151":{"start":{"line":152,"column":0},"end":{"line":152,"column":23}},"153":{"start":{"line":154,"column":0},"end":{"line":154,"column":46}},"154":{"start":{"line":155,"column":0},"end":{"line":155,"column":33}},"155":{"start":{"line":156,"column":0},"end":{"line":156,"column":21}},"156":{"start":{"line":157,"column":0},"end":{"line":157,"column":76}},"157":{"start":{"line":158,"column":0},"end":{"line":158,"column":78}},"158":{"start":{"line":159,"column":0},"end":{"line":159,"column":21}},"159":{"start":{"line":160,"column":0},"end":{"line":160,"column":76}},"160":{"start":{"line":161,"column":0},"end":{"line":161,"column":72}},"161":{"start":{"line":162,"column":0},"end":{"line":162,"column":21}},"162":{"start":{"line":163,"column":0},"end":{"line":163,"column":76}},"163":{"start":{"line":164,"column":0},"end":{"line":164,"column":61}},"164":{"start":{"line":165,"column":0},"end":{"line":165,"column":21}},"165":{"start":{"line":166,"column":0},"end":{"line":166,"column":26}},"166":{"start":{"line":167,"column":0},"end":{"line":167,"column":71}},"167":{"start":{"line":168,"column":0},"end":{"line":168,"column":35}},"168":{"start":{"line":169,"column":0},"end":{"line":169,"column":23}},"169":{"start":{"line":170,"column":0},"end":{"line":170,"column":14}},"170":{"start":{"line":171,"column":0},"end":{"line":171,"column":14}},"172":{"start":{"line":173,"column":0},"end":{"line":173,"column":4}},"174":{"start":{"line":175,"column":0},"end":{"line":175,"column":35}},"175":{"start":{"line":176,"column":0},"end":{"line":176,"column":57}},"176":{"start":{"line":177,"column":0},"end":{"line":177,"column":3}},"178":{"start":{"line":179,"column":0},"end":{"line":179,"column":10}},"179":{"start":{"line":180,"column":0},"end":{"line":180,"column":14}},"180":{"start":{"line":181,"column":0},"end":{"line":181,"column":55}},"181":{"start":{"line":182,"column":0},"end":{"line":182,"column":25}},"182":{"start":{"line":183,"column":0},"end":{"line":183,"column":22}},"183":{"start":{"line":184,"column":0},"end":{"line":184,"column":30}},"184":{"start":{"line":185,"column":0},"end":{"line":185,"column":7}},"185":{"start":{"line":186,"column":0},"end":{"line":186,"column":16}},"186":{"start":{"line":187,"column":0},"end":{"line":187,"column":24}},"187":{"start":{"line":188,"column":0},"end":{"line":188,"column":15}},"188":{"start":{"line":189,"column":0},"end":{"line":189,"column":51}},"189":{"start":{"line":190,"column":0},"end":{"line":190,"column":23}},"190":{"start":{"line":191,"column":0},"end":{"line":191,"column":27}},"191":{"start":{"line":192,"column":0},"end":{"line":192,"column":9}},"192":{"start":{"line":193,"column":0},"end":{"line":193,"column":23}},"193":{"start":{"line":194,"column":0},"end":{"line":194,"column":33}},"194":{"start":{"line":195,"column":0},"end":{"line":195,"column":27}},"195":{"start":{"line":196,"column":0},"end":{"line":196,"column":15}},"196":{"start":{"line":197,"column":0},"end":{"line":197,"column":37}},"197":{"start":{"line":198,"column":0},"end":{"line":198,"column":29}},"198":{"start":{"line":199,"column":0},"end":{"line":199,"column":30}},"199":{"start":{"line":200,"column":0},"end":{"line":200,"column":12}},"201":{"start":{"line":202,"column":0},"end":{"line":202,"column":30}},"202":{"start":{"line":203,"column":0},"end":{"line":203,"column":23}},"203":{"start":{"line":204,"column":0},"end":{"line":204,"column":44}},"204":{"start":{"line":205,"column":0},"end":{"line":205,"column":25}},"205":{"start":{"line":206,"column":0},"end":{"line":206,"column":32}},"206":{"start":{"line":207,"column":0},"end":{"line":207,"column":61}},"207":{"start":{"line":208,"column":0},"end":{"line":208,"column":23}},"208":{"start":{"line":209,"column":0},"end":{"line":209,"column":42}},"209":{"start":{"line":210,"column":0},"end":{"line":210,"column":71}},"211":{"start":{"line":212,"column":0},"end":{"line":212,"column":58}},"212":{"start":{"line":213,"column":0},"end":{"line":213,"column":56}},"213":{"start":{"line":214,"column":0},"end":{"line":214,"column":57}},"214":{"start":{"line":215,"column":0},"end":{"line":215,"column":52}},"215":{"start":{"line":216,"column":0},"end":{"line":216,"column":30}},"216":{"start":{"line":217,"column":0},"end":{"line":217,"column":27}},"217":{"start":{"line":218,"column":0},"end":{"line":218,"column":17}},"218":{"start":{"line":219,"column":0},"end":{"line":219,"column":24}},"219":{"start":{"line":220,"column":0},"end":{"line":220,"column":18}},"220":{"start":{"line":221,"column":0},"end":{"line":221,"column":25}},"221":{"start":{"line":222,"column":0},"end":{"line":222,"column":23}},"222":{"start":{"line":223,"column":0},"end":{"line":223,"column":20}},"223":{"start":{"line":224,"column":0},"end":{"line":224,"column":20}},"224":{"start":{"line":225,"column":0},"end":{"line":225,"column":29}},"225":{"start":{"line":226,"column":0},"end":{"line":226,"column":30}},"226":{"start":{"line":227,"column":0},"end":{"line":227,"column":13}},"227":{"start":{"line":228,"column":0},"end":{"line":228,"column":33}},"228":{"start":{"line":229,"column":0},"end":{"line":229,"column":16}},"230":{"start":{"line":231,"column":0},"end":{"line":231,"column":12}},"231":{"start":{"line":232,"column":0},"end":{"line":232,"column":10}},"233":{"start":{"line":234,"column":0},"end":{"line":234,"column":1}},"235":{"start":{"line":236,"column":0},"end":{"line":236,"column":21}},"236":{"start":{"line":237,"column":0},"end":{"line":237,"column":43}},"237":{"start":{"line":238,"column":0},"end":{"line":238,"column":2}}},"s":{"0":1,"1":1,"2":1,"3":1,"4":1,"5":1,"6":1,"7":1,"8":1,"9":1,"10":1,"11":1,"12":1,"13":1,"20":4625,"21":4625,"22":4625,"23":4625,"24":4625,"26":4625,"27":4625,"28":4625,"29":4625,"30":4625,"31":4625,"32":4625,"33":4625,"34":4625,"35":4625,"36":4625,"37":4625,"38":4625,"39":4625,"40":4625,"42":4625,"43":4625,"45":4625,"46":108,"47":108,"48":108,"49":4625,"50":108,"51":4517,"52":1559,"53":4409,"54":2850,"55":2850,"56":4625,"63":17,"64":17,"65":17,"66":17,"67":17,"68":17,"69":17,"71":17,"72":17,"80":47,"81":47,"82":47,"83":47,"84":47,"85":47,"86":47,"87":47,"88":47,"89":47,"90":47,"92":47,"93":19,"94":19,"95":19,"96":19,"97":47,"100":47,"101":47,"102":19,"103":19,"104":19,"106":19,"107":18,"108":18,"109":19,"110":19,"111":47,"113":47,"114":16,"115":16,"116":16,"117":47,"119":47,"120":33,"121":16,"122":16,"124":16,"126":16,"134":17,"135":17,"136":17,"137":17,"138":17,"139":17,"140":3,"141":3,"142":3,"143":3,"144":3,"145":3,"146":3,"147":3,"148":3,"150":3,"151":3,"153":33,"154":33,"155":33,"156":33,"157":33,"158":33,"159":33,"160":33,"161":33,"162":33,"163":33,"164":33,"165":33,"166":33,"167":33,"168":33,"169":33,"170":33,"172":33,"174":47,"175":3,"176":3,"178":44,"179":44,"180":47,"181":47,"182":47,"183":47,"184":47,"185":47,"186":47,"187":47,"188":47,"189":47,"190":47,"191":47,"192":47,"193":47,"194":47,"195":47,"196":47,"197":47,"198":47,"199":47,"201":47,"202":47,"203":47,"204":4625,"205":4625,"206":4625,"207":4625,"208":4625,"209":4625,"211":4625,"212":4625,"213":4625,"214":4625,"215":4625,"216":4625,"217":47,"218":47,"219":47,"220":47,"221":47,"222":30,"223":30,"224":30,"225":30,"226":30,"227":30,"228":30,"230":47,"231":47,"233":47,"235":1,"236":1,"237":1},"branchMap":{"0":{"type":"branch","line":21,"loc":{"start":{"line":21,"column":0},"end":{"line":57,"column":1}},"locations":[{"start":{"line":21,"column":0},"end":{"line":57,"column":1}}]},"1":{"type":"branch","line":46,"loc":{"start":{"line":46,"column":50},"end":{"line":50,"column":13}},"locations":[{"start":{"line":46,"column":50},"end":{"line":50,"column":13}}]},"2":{"type":"branch","line":50,"loc":{"start":{"line":50,"column":2},"end":{"line":56,"column":3}},"locations":[{"start":{"line":50,"column":2},"end":{"line":56,"column":3}}]},"3":{"type":"branch","line":50,"loc":{"start":{"line":50,"column":61},"end":{"line":52,"column":13}},"locations":[{"start":{"line":50,"column":61},"end":{"line":52,"column":13}}]},"4":{"type":"branch","line":52,"loc":{"start":{"line":52,"column":2},"end":{"line":56,"column":3}},"locations":[{"start":{"line":52,"column":2},"end":{"line":56,"column":3}}]},"5":{"type":"branch","line":52,"loc":{"start":{"line":52,"column":37},"end":{"line":54,"column":9}},"locations":[{"start":{"line":52,"column":37},"end":{"line":54,"column":9}}]},"6":{"type":"branch","line":54,"loc":{"start":{"line":54,"column":2},"end":{"line":56,"column":3}},"locations":[{"start":{"line":54,"column":2},"end":{"line":56,"column":3}}]},"7":{"type":"branch","line":64,"loc":{"start":{"line":64,"column":0},"end":{"line":73,"column":1}},"locations":[{"start":{"line":64,"column":0},"end":{"line":73,"column":1}}]},"8":{"type":"branch","line":81,"loc":{"start":{"line":81,"column":0},"end":{"line":234,"column":1}},"locations":[{"start":{"line":81,"column":0},"end":{"line":234,"column":1}}]},"9":{"type":"branch","line":175,"loc":{"start":{"line":175,"column":6},"end":{"line":175,"column":34}},"locations":[{"start":{"line":175,"column":6},"end":{"line":175,"column":34}}]},"10":{"type":"branch","line":175,"loc":{"start":{"line":175,"column":34},"end":{"line":177,"column":3}},"locations":[{"start":{"line":175,"column":34},"end":{"line":177,"column":3}}]},"11":{"type":"branch","line":177,"loc":{"start":{"line":177,"column":2},"end":{"line":181,"column":25}},"locations":[{"start":{"line":177,"column":2},"end":{"line":181,"column":25}}]},"12":{"type":"branch","line":181,"loc":{"start":{"line":181,"column":14},"end":{"line":181,"column":34}},"locations":[{"start":{"line":181,"column":14},"end":{"line":181,"column":34}}]},"13":{"type":"branch","line":181,"loc":{"start":{"line":181,"column":25},"end":{"line":181,"column":55}},"locations":[{"start":{"line":181,"column":25},"end":{"line":181,"column":55}}]},"14":{"type":"branch","line":189,"loc":{"start":{"line":189,"column":23},"end":{"line":189,"column":45}},"locations":[{"start":{"line":189,"column":23},"end":{"line":189,"column":45}}]},"15":{"type":"branch","line":189,"loc":{"start":{"line":189,"column":34},"end":{"line":189,"column":51}},"locations":[{"start":{"line":189,"column":34},"end":{"line":189,"column":51}}]},"16":{"type":"branch","line":197,"loc":{"start":{"line":197,"column":18},"end":{"line":197,"column":33}},"locations":[{"start":{"line":197,"column":18},"end":{"line":197,"column":33}}]},"17":{"type":"branch","line":197,"loc":{"start":{"line":197,"column":29},"end":{"line":197,"column":37}},"locations":[{"start":{"line":197,"column":29},"end":{"line":197,"column":37}}]},"18":{"type":"branch","line":222,"loc":{"start":{"line":222,"column":10},"end":{"line":229,"column":16}},"locations":[{"start":{"line":222,"column":10},"end":{"line":229,"column":16}}]},"19":{"type":"branch","line":93,"loc":{"start":{"line":93,"column":31},"end":{"line":98,"column":5}},"locations":[{"start":{"line":93,"column":31},"end":{"line":98,"column":5}}]},"20":{"type":"branch","line":94,"loc":{"start":{"line":94,"column":34},"end":{"line":94,"column":66}},"locations":[{"start":{"line":94,"column":34},"end":{"line":94,"column":66}}]},"21":{"type":"branch","line":96,"loc":{"start":{"line":96,"column":8},"end":{"line":96,"column":62}},"locations":[{"start":{"line":96,"column":8},"end":{"line":96,"column":62}}]},"22":{"type":"branch","line":101,"loc":{"start":{"line":101,"column":12},"end":{"line":112,"column":5}},"locations":[{"start":{"line":101,"column":12},"end":{"line":112,"column":5}}]},"23":{"type":"branch","line":102,"loc":{"start":{"line":102,"column":51},"end":{"line":111,"column":5}},"locations":[{"start":{"line":102,"column":51},"end":{"line":111,"column":5}}]},"24":{"type":"branch","line":107,"loc":{"start":{"line":107,"column":11},"end":{"line":107,"column":48}},"locations":[{"start":{"line":107,"column":11},"end":{"line":107,"column":48}}]},"25":{"type":"branch","line":107,"loc":{"start":{"line":107,"column":48},"end":{"line":109,"column":7}},"locations":[{"start":{"line":107,"column":48},"end":{"line":109,"column":7}}]},"26":{"type":"branch","line":114,"loc":{"start":{"line":114,"column":12},"end":{"line":118,"column":5}},"locations":[{"start":{"line":114,"column":12},"end":{"line":118,"column":5}}]},"27":{"type":"branch","line":120,"loc":{"start":{"line":120,"column":28},"end":{"line":173,"column":4}},"locations":[{"start":{"line":120,"column":28},"end":{"line":173,"column":4}}]},"28":{"type":"branch","line":121,"loc":{"start":{"line":121,"column":24},"end":{"line":140,"column":22}},"locations":[{"start":{"line":121,"column":24},"end":{"line":140,"column":22}}]},"29":{"type":"branch","line":121,"loc":{"start":{"line":121,"column":24},"end":{"line":127,"column":5}},"locations":[{"start":{"line":121,"column":24},"end":{"line":127,"column":5}}]},"30":{"type":"branch","line":127,"loc":{"start":{"line":127,"column":4},"end":{"line":140,"column":22}},"locations":[{"start":{"line":127,"column":4},"end":{"line":140,"column":22}}]},"31":{"type":"branch","line":140,"loc":{"start":{"line":140,"column":9},"end":{"line":152,"column":23}},"locations":[{"start":{"line":140,"column":9},"end":{"line":152,"column":23}}]},"32":{"type":"branch","line":204,"loc":{"start":{"line":204,"column":32},"end":{"line":217,"column":27}},"locations":[{"start":{"line":204,"column":32},"end":{"line":217,"column":27}}]},"33":{"type":"branch","line":210,"loc":{"start":{"line":210,"column":28},"end":{"line":210,"column":56}},"locations":[{"start":{"line":210,"column":28},"end":{"line":210,"column":56}}]},"34":{"type":"branch","line":207,"loc":{"start":{"line":207,"column":27},"end":{"line":207,"column":61}},"locations":[{"start":{"line":207,"column":27},"end":{"line":207,"column":61}}]}},"b":{"0":[4625],"1":[108],"2":[4517],"3":[108],"4":[4409],"5":[1559],"6":[2850],"7":[17],"8":[47],"9":[17],"10":[3],"11":[44],"12":[14],"13":[30],"14":[14],"15":[30],"16":[14],"17":[30],"18":[30],"19":[19],"20":[22],"21":[10903],"22":[47],"23":[19],"24":[18],"25":[18],"26":[16],"27":[33],"28":[32],"29":[16],"30":[17],"31":[3],"32":[4625],"33":[2829],"34":[4]},"fnMap":{"0":{"name":"formatListDate","decl":{"start":{"line":21,"column":0},"end":{"line":57,"column":1}},"loc":{"start":{"line":21,"column":0},"end":{"line":57,"column":1}},"line":21},"1":{"name":"formatEmailDate","decl":{"start":{"line":64,"column":0},"end":{"line":73,"column":1}},"loc":{"start":{"line":64,"column":0},"end":{"line":73,"column":1}},"line":64},"2":{"name":"Content","decl":{"start":{"line":81,"column":0},"end":{"line":234,"column":1}},"loc":{"start":{"line":81,"column":0},"end":{"line":234,"column":1}},"line":81},"3":{"name":"renderEmailViewer","decl":{"start":{"line":120,"column":28},"end":{"line":173,"column":4}},"loc":{"start":{"line":120,"column":28},"end":{"line":173,"column":4}},"line":120},"4":{"name":"onClick","decl":{"start":{"line":207,"column":27},"end":{"line":207,"column":61}},"loc":{"start":{"line":207,"column":27},"end":{"line":207,"column":61}},"line":207}},"f":{"0":4625,"1":17,"2":47,"3":33,"4":4}}
,"C:\\Users\\k3sar\\OneDrive\\Desktop\\CSE186\\Assignment4\\src\\components\\NavBar.jsx": {"path":"C:\\Users\\k3sar\\OneDrive\\Desktop\\CSE186\\Assignment4\\src\\components\\NavBar.jsx","all":false,"statementMap":{"0":{"start":{"line":1,"column":0},"end":{"line":1,"column":36}},"1":{"start":{"line":2,"column":0},"end":{"line":2,"column":38}},"2":{"start":{"line":3,"column":0},"end":{"line":3,"column":46}},"3":{"start":{"line":4,"column":0},"end":{"line":4,"column":58}},"4":{"start":{"line":5,"column":0},"end":{"line":5,"column":54}},"5":{"start":{"line":6,"column":0},"end":{"line":6,"column":54}},"6":{"start":{"line":7,"column":0},"end":{"line":7,"column":50}},"7":{"start":{"line":8,"column":0},"end":{"line":8,"column":53}},"8":{"start":{"line":9,"column":0},"end":{"line":9,"column":51}},"9":{"start":{"line":10,"column":0},"end":{"line":10,"column":42}},"10":{"start":{"line":11,"column":0},"end":{"line":11,"column":52}},"16":{"start":{"line":17,"column":0},"end":{"line":17,"column":34}},"17":{"start":{"line":18,"column":0},"end":{"line":18,"column":9}},"18":{"start":{"line":19,"column":0},"end":{"line":19,"column":13}},"19":{"start":{"line":20,"column":0},"end":{"line":20,"column":18}},"20":{"start":{"line":21,"column":0},"end":{"line":21,"column":15}},"21":{"start":{"line":22,"column":0},"end":{"line":22,"column":19}},"22":{"start":{"line":23,"column":0},"end":{"line":23,"column":22}},"23":{"start":{"line":24,"column":0},"end":{"line":24,"column":18}},"25":{"start":{"line":26,"column":0},"end":{"line":26,"column":21}},"26":{"start":{"line":27,"column":0},"end":{"line":27,"column":41}},"27":{"start":{"line":28,"column":0},"end":{"line":28,"column":49}},"28":{"start":{"line":29,"column":0},"end":{"line":29,"column":41}},"29":{"start":{"line":30,"column":0},"end":{"line":30,"column":4}},"31":{"start":{"line":32,"column":0},"end":{"line":32,"column":47}},"32":{"start":{"line":33,"column":0},"end":{"line":33,"column":35}},"33":{"start":{"line":34,"column":0},"end":{"line":34,"column":21}},"34":{"start":{"line":35,"column":0},"end":{"line":35,"column":13}},"35":{"start":{"line":36,"column":0},"end":{"line":36,"column":25}},"36":{"start":{"line":37,"column":0},"end":{"line":37,"column":7}},"37":{"start":{"line":38,"column":0},"end":{"line":38,"column":19}},"38":{"start":{"line":39,"column":0},"end":{"line":39,"column":19}},"39":{"start":{"line":40,"column":0},"end":{"line":40,"column":5}},"40":{"start":{"line":41,"column":0},"end":{"line":41,"column":4}},"52":{"start":{"line":53,"column":0},"end":{"line":53,"column":23}},"53":{"start":{"line":54,"column":0},"end":{"line":54,"column":23}},"54":{"start":{"line":55,"column":0},"end":{"line":55,"column":35}},"55":{"start":{"line":56,"column":0},"end":{"line":56,"column":52}},"56":{"start":{"line":57,"column":0},"end":{"line":57,"column":25}},"57":{"start":{"line":58,"column":0},"end":{"line":58,"column":54}},"58":{"start":{"line":59,"column":0},"end":{"line":59,"column":60}},"59":{"start":{"line":60,"column":0},"end":{"line":60,"column":17}},"60":{"start":{"line":61,"column":0},"end":{"line":61,"column":32}},"61":{"start":{"line":62,"column":0},"end":{"line":62,"column":20}},"62":{"start":{"line":63,"column":0},"end":{"line":63,"column":14}},"64":{"start":{"line":65,"column":0},"end":{"line":65,"column":26}},"65":{"start":{"line":66,"column":0},"end":{"line":66,"column":28}},"66":{"start":{"line":67,"column":0},"end":{"line":67,"column":27}},"67":{"start":{"line":68,"column":0},"end":{"line":68,"column":25}},"68":{"start":{"line":69,"column":0},"end":{"line":69,"column":36}},"69":{"start":{"line":70,"column":0},"end":{"line":70,"column":39}},"70":{"start":{"line":71,"column":0},"end":{"line":71,"column":43}},"71":{"start":{"line":72,"column":0},"end":{"line":72,"column":16}},"72":{"start":{"line":73,"column":0},"end":{"line":73,"column":14}},"73":{"start":{"line":74,"column":0},"end":{"line":74,"column":27}},"74":{"start":{"line":75,"column":0},"end":{"line":75,"column":19}},"75":{"start":{"line":76,"column":0},"end":{"line":76,"column":9}},"76":{"start":{"line":77,"column":0},"end":{"line":77,"column":11}},"79":{"start":{"line":80,"column":0},"end":{"line":80,"column":17}},"80":{"start":{"line":81,"column":0},"end":{"line":81,"column":12}},"81":{"start":{"line":82,"column":0},"end":{"line":82,"column":13}},"82":{"start":{"line":83,"column":0},"end":{"line":83,"column":21}},"83":{"start":{"line":84,"column":0},"end":{"line":84,"column":28}},"84":{"start":{"line":85,"column":0},"end":{"line":85,"column":28}},"85":{"start":{"line":86,"column":0},"end":{"line":86,"column":13}},"86":{"start":{"line":87,"column":0},"end":{"line":87,"column":33}},"87":{"start":{"line":88,"column":0},"end":{"line":88,"column":23}},"88":{"start":{"line":89,"column":0},"end":{"line":89,"column":30}},"89":{"start":{"line":90,"column":0},"end":{"line":90,"column":40}},"90":{"start":{"line":91,"column":0},"end":{"line":91,"column":12}},"91":{"start":{"line":92,"column":0},"end":{"line":92,"column":10}},"93":{"start":{"line":94,"column":0},"end":{"line":94,"column":21}},"94":{"start":{"line":95,"column":0},"end":{"line":95,"column":15}},"96":{"start":{"line":97,"column":0},"end":{"line":97,"column":3}},"98":{"start":{"line":99,"column":0},"end":{"line":99,"column":10}},"99":{"start":{"line":100,"column":0},"end":{"line":100,"column":8}},"100":{"start":{"line":101,"column":0},"end":{"line":101,"column":11}},"101":{"start":{"line":102,"column":0},"end":{"line":102,"column":19}},"102":{"start":{"line":103,"column":0},"end":{"line":103,"column":22}},"103":{"start":{"line":104,"column":0},"end":{"line":104,"column":23}},"104":{"start":{"line":105,"column":0},"end":{"line":105,"column":31}},"105":{"start":{"line":106,"column":0},"end":{"line":106,"column":8}},"107":{"start":{"line":108,"column":0},"end":{"line":108,"column":19}},"108":{"start":{"line":109,"column":0},"end":{"line":109,"column":10}},"110":{"start":{"line":111,"column":0},"end":{"line":111,"column":1}}},"s":{"0":1,"1":1,"2":1,"3":1,"4":1,"5":1,"6":1,"7":1,"8":1,"9":1,"10":1,"16":47,"17":47,"18":47,"19":47,"20":47,"21":47,"22":47,"23":47,"25":47,"26":47,"27":47,"28":47,"29":47,"31":47,"32":3,"33":3,"34":3,"35":3,"36":3,"37":3,"38":1,"39":1,"40":3,"52":47,"53":47,"54":47,"55":141,"56":141,"57":141,"58":141,"59":141,"60":141,"61":141,"62":141,"64":141,"65":141,"66":141,"67":141,"68":141,"69":141,"70":141,"71":141,"72":141,"73":141,"74":141,"75":47,"76":47,"79":47,"80":17,"81":17,"82":17,"83":17,"84":17,"85":17,"86":17,"87":17,"88":17,"89":17,"90":17,"91":17,"93":17,"94":17,"96":17,"98":30,"99":30,"100":30,"101":30,"102":30,"103":30,"104":30,"105":30,"107":30,"108":30,"110":30},"branchMap":{"0":{"type":"branch","line":17,"loc":{"start":{"line":17,"column":0},"end":{"line":111,"column":1}},"locations":[{"start":{"line":17,"column":0},"end":{"line":111,"column":1}}]},"1":{"type":"branch","line":80,"loc":{"start":{"line":80,"column":16},"end":{"line":97,"column":3}},"locations":[{"start":{"line":80,"column":16},"end":{"line":97,"column":3}}]},"2":{"type":"branch","line":97,"loc":{"start":{"line":97,"column":2},"end":{"line":111,"column":1}},"locations":[{"start":{"line":97,"column":2},"end":{"line":111,"column":1}}]},"3":{"type":"branch","line":32,"loc":{"start":{"line":32,"column":29},"end":{"line":41,"column":4}},"locations":[{"start":{"line":32,"column":29},"end":{"line":41,"column":4}}]},"4":{"type":"branch","line":38,"loc":{"start":{"line":38,"column":18},"end":{"line":40,"column":5}},"locations":[{"start":{"line":38,"column":18},"end":{"line":40,"column":5}}]},"5":{"type":"branch","line":55,"loc":{"start":{"line":55,"column":21},"end":{"line":75,"column":19}},"locations":[{"start":{"line":55,"column":21},"end":{"line":75,"column":19}}]},"6":{"type":"branch","line":59,"loc":{"start":{"line":59,"column":21},"end":{"line":59,"column":60}},"locations":[{"start":{"line":59,"column":21},"end":{"line":59,"column":60}}]}},"b":{"0":[47],"1":[17],"2":[30],"3":[3],"4":[1],"5":[141],"6":[3]},"fnMap":{"0":{"name":"NavBar","decl":{"start":{"line":17,"column":0},"end":{"line":111,"column":1}},"loc":{"start":{"line":17,"column":0},"end":{"line":111,"column":1}},"line":17},"1":{"name":"handleMailboxClick","decl":{"start":{"line":32,"column":29},"end":{"line":41,"column":4}},"loc":{"start":{"line":32,"column":29},"end":{"line":41,"column":4}},"line":32},"2":{"name":"onClick","decl":{"start":{"line":59,"column":21},"end":{"line":59,"column":60}},"loc":{"start":{"line":59,"column":21},"end":{"line":59,"column":60}},"line":59}},"f":{"0":47,"1":3,"2":3}}
,"C:\\Users\\k3sar\\OneDrive\\Desktop\\CSE186\\Assignment4\\src\\contexts\\VisualContext.jsx": {"path":"C:\\Users\\k3sar\\OneDrive\\Desktop\\CSE186\\Assignment4\\src\\contexts\\VisualContext.jsx","all":false,"statementMap":{"0":{"start":{"line":1,"column":0},"end":{"line":1,"column":69}},"1":{"start":{"line":2,"column":0},"end":{"line":2,"column":35}},"3":{"start":{"line":4,"column":0},"end":{"line":4,"column":38}},"5":{"start":{"line":6,"column":0},"end":{"line":6,"column":28}},"6":{"start":{"line":7,"column":0},"end":{"line":7,"column":38}},"7":{"start":{"line":8,"column":0},"end":{"line":8,"column":2}},"15":{"start":{"line":16,"column":0},"end":{"line":16,"column":44}},"16":{"start":{"line":17,"column":0},"end":{"line":17,"column":50}},"17":{"start":{"line":18,"column":0},"end":{"line":18,"column":62}},"18":{"start":{"line":19,"column":0},"end":{"line":19,"column":59}},"19":{"start":{"line":20,"column":0},"end":{"line":20,"column":60}},"20":{"start":{"line":21,"column":0},"end":{"line":21,"column":64}},"22":{"start":{"line":23,"column":0},"end":{"line":23,"column":19}},"23":{"start":{"line":24,"column":0},"end":{"line":24,"column":31}},"24":{"start":{"line":25,"column":0},"end":{"line":25,"column":43}},"25":{"start":{"line":26,"column":0},"end":{"line":26,"column":6}},"27":{"start":{"line":28,"column":0},"end":{"line":28,"column":18}},"28":{"start":{"line":29,"column":0},"end":{"line":29,"column":51}},"30":{"start":{"line":31,"column":0},"end":{"line":31,"column":67}},"31":{"start":{"line":32,"column":0},"end":{"line":32,"column":9}},"33":{"start":{"line":34,"column":0},"end":{"line":34,"column":43}},"34":{"start":{"line":35,"column":0},"end":{"line":35,"column":28}},"35":{"start":{"line":36,"column":0},"end":{"line":36,"column":19}},"36":{"start":{"line":37,"column":0},"end":{"line":37,"column":30}},"37":{"start":{"line":38,"column":0},"end":{"line":38,"column":30}},"38":{"start":{"line":39,"column":0},"end":{"line":39,"column":5}},"39":{"start":{"line":40,"column":0},"end":{"line":40,"column":4}},"41":{"start":{"line":42,"column":0},"end":{"line":42,"column":28}},"42":{"start":{"line":43,"column":0},"end":{"line":43,"column":19}},"43":{"start":{"line":44,"column":0},"end":{"line":44,"column":31}},"44":{"start":{"line":45,"column":0},"end":{"line":45,"column":5}},"45":{"start":{"line":46,"column":0},"end":{"line":46,"column":27}},"46":{"start":{"line":47,"column":0},"end":{"line":47,"column":4}},"48":{"start":{"line":49,"column":0},"end":{"line":49,"column":28}},"49":{"start":{"line":50,"column":0},"end":{"line":50,"column":37}},"50":{"start":{"line":51,"column":0},"end":{"line":51,"column":37}},"51":{"start":{"line":52,"column":0},"end":{"line":52,"column":31}},"52":{"start":{"line":53,"column":0},"end":{"line":53,"column":5}},"53":{"start":{"line":54,"column":0},"end":{"line":54,"column":4}},"55":{"start":{"line":56,"column":0},"end":{"line":56,"column":10}},"56":{"start":{"line":57,"column":0},"end":{"line":57,"column":36}},"57":{"start":{"line":58,"column":0},"end":{"line":58,"column":15}},"58":{"start":{"line":59,"column":0},"end":{"line":59,"column":21}},"59":{"start":{"line":60,"column":0},"end":{"line":60,"column":20}},"60":{"start":{"line":61,"column":0},"end":{"line":61,"column":20}},"61":{"start":{"line":62,"column":0},"end":{"line":62,"column":21}},"62":{"start":{"line":63,"column":0},"end":{"line":63,"column":27}},"63":{"start":{"line":64,"column":0},"end":{"line":64,"column":17}},"64":{"start":{"line":65,"column":0},"end":{"line":65,"column":17}},"65":{"start":{"line":66,"column":0},"end":{"line":66,"column":24}},"66":{"start":{"line":67,"column":0},"end":{"line":67,"column":7}},"67":{"start":{"line":68,"column":0},"end":{"line":68,"column":16}},"68":{"start":{"line":69,"column":0},"end":{"line":69,"column":29}},"70":{"start":{"line":71,"column":0},"end":{"line":71,"column":1}},"76":{"start":{"line":77,"column":0},"end":{"line":77,"column":57}}},"s":{"0":1,"1":1,"3":1,"5":1,"6":1,"7":1,"15":1,"16":47,"17":47,"18":47,"19":47,"20":47,"22":47,"23":16,"24":16,"25":16,"27":16,"28":16,"30":16,"31":47,"33":47,"34":38,"35":38,"36":3,"37":3,"38":3,"39":38,"41":47,"42":1,"43":1,"44":1,"45":1,"46":1,"48":47,"49":6,"50":6,"51":1,"52":1,"53":6,"55":47,"56":47,"57":47,"58":47,"59":47,"60":47,"61":47,"62":47,"63":47,"64":47,"65":47,"66":47,"67":47,"68":47,"70":47,"76":1},"branchMap":{"0":{"type":"branch","line":16,"loc":{"start":{"line":16,"column":7},"end":{"line":71,"column":1}},"locations":[{"start":{"line":16,"column":7},"end":{"line":71,"column":1}}]},"1":{"type":"branch","line":23,"loc":{"start":{"line":23,"column":12},"end":{"line":32,"column":5}},"locations":[{"start":{"line":23,"column":12},"end":{"line":32,"column":5}}]},"2":{"type":"branch","line":24,"loc":{"start":{"line":24,"column":24},"end":{"line":26,"column":6}},"locations":[{"start":{"line":24,"column":24},"end":{"line":26,"column":6}}]},"3":{"type":"branch","line":31,"loc":{"start":{"line":31,"column":11},"end":{"line":31,"column":67}},"locations":[{"start":{"line":31,"column":11},"end":{"line":31,"column":67}}]},"4":{"type":"branch","line":34,"loc":{"start":{"line":34,"column":31},"end":{"line":40,"column":4}},"locations":[{"start":{"line":34,"column":31},"end":{"line":40,"column":4}}]},"5":{"type":"branch","line":36,"loc":{"start":{"line":36,"column":18},"end":{"line":39,"column":5}},"locations":[{"start":{"line":36,"column":18},"end":{"line":39,"column":5}}]},"6":{"type":"branch","line":42,"loc":{"start":{"line":42,"column":21},"end":{"line":47,"column":4}},"locations":[{"start":{"line":42,"column":21},"end":{"line":47,"column":4}}]},"7":{"type":"branch","line":49,"loc":{"start":{"line":49,"column":21},"end":{"line":54,"column":4}},"locations":[{"start":{"line":49,"column":21},"end":{"line":54,"column":4}}]},"8":{"type":"branch","line":51,"loc":{"start":{"line":51,"column":36},"end":{"line":53,"column":5}},"locations":[{"start":{"line":51,"column":36},"end":{"line":53,"column":5}}]},"9":{"type":"branch","line":77,"loc":{"start":{"line":77,"column":25},"end":{"line":77,"column":57}},"locations":[{"start":{"line":77,"column":25},"end":{"line":77,"column":57}}]}},"b":{"0":[47],"1":[16],"2":[16],"3":[16],"4":[38],"5":[3],"6":[1],"7":[6],"8":[1],"9":[141]},"fnMap":{"0":{"name":"VisualProvider","decl":{"start":{"line":16,"column":7},"end":{"line":71,"column":1}},"loc":{"start":{"line":16,"column":7},"end":{"line":71,"column":1}},"line":16},"1":{"name":"checkMobile","decl":{"start":{"line":24,"column":24},"end":{"line":26,"column":6}},"loc":{"start":{"line":24,"column":24},"end":{"line":26,"column":6}},"line":24},"2":{"name":"handleEmailSelection","decl":{"start":{"line":34,"column":31},"end":{"line":40,"column":4}},"loc":{"start":{"line":34,"column":31},"end":{"line":40,"column":4}},"line":34},"3":{"name":"closeEmail","decl":{"start":{"line":42,"column":21},"end":{"line":47,"column":4}},"loc":{"start":{"line":42,"column":21},"end":{"line":47,"column":4}},"line":42},"4":{"name":"toggleMenu","decl":{"start":{"line":49,"column":21},"end":{"line":54,"column":4}},"loc":{"start":{"line":49,"column":21},"end":{"line":54,"column":4}},"line":49},"5":{"name":"useVisual","decl":{"start":{"line":77,"column":25},"end":{"line":77,"column":57}},"loc":{"start":{"line":77,"column":25},"end":{"line":77,"column":57}},"line":77}},"f":{"0":47,"1":16,"2":38,"3":1,"4":6,"5":141}}
}
